[2025-12-27 21:12:48] : Begin
--------------------
*MCUTYPE* : AI8051U-34K64
*MCUID* : 78B4C9B8018119
*FILENAME* : D:\GraduationProject\STC51\Project\ws2812_driver\Output\ws2812_driver.hex
*FILETIME* : 2025年12月27日, 21:06:44
*FILESIZE* : 14698 (0x00396A)
*CODESIZE* : 5217 (0x001461)
*CHECKSUM* : 0x0006E6F2
*ISPMODE* : 2
*ISPRESULT* : 0
--------------------
[2025-12-27 21:12:50] : End
--------------------------------------------------
[2025-12-27 21:19:36] : Begin
--------------------
*MCUTYPE* : AI8051U-34K64
*MCUID* : 78B4C9B8018119
*FILENAME* : D:\GraduationProject\STC51\Project\ws2812_driver\Output\ws2812_driver.hex
*FILETIME* : 2025年12月27日, 21:06:44
*FILESIZE* : 14698 (0x00396A)
*CODESIZE* : 5217 (0x001461)
*CHECKSUM* : 0x0006E6F2
*ISPMODE* : 2
*ISPRESULT* : 0
--------------------
[2025-12-27 21:19:38] : End
--------------------------------------------------
[2025-12-27 21:49:23] : Begin
--------------------
*MCUTYPE* : AI8051U-34K64
*MCUID* : 78B4C9B8018119
*FILENAME* : D:\GraduationProject\STC51\Project\ws2812_driver\Output\ws2812_driver.hex
*FILETIME* : 2025年12月27日, 21:49:11
*FILESIZE* : 15033 (0x003AB9)
*CODESIZE* : 5339 (0x0014DB)
*CHECKSUM* : 0x0006E4BC
*ISPMODE* : 2
*ISPRESULT* : 0
--------------------
[2025-12-27 21:49:26] : End
--------------------------------------------------
[2025-12-27 21:50:23] : Begin
--------------------
*MCUTYPE* : AI8051U-34K64
*MCUID* : 78B4C9B8018119
*FILENAME* : D:\GraduationProject\STC51\Project\ws2812_driver\Output\ws2812_driver.hex
*FILETIME* : 2025年12月27日, 21:50:17
*FILESIZE* : 15064 (0x003AD8)
*CODESIZE* : 5339 (0x0014DB)
*CHECKSUM* : 0x0006E4BC
*ISPMODE* : 2
*ISPRESULT* : 0
--------------------
[2025-12-27 21:50:25] : End
--------------------------------------------------
[2025-12-27 21:50:58] : Begin
--------------------
*MCUTYPE* : AI8051U-34K64
*MCUID* : 78B4C9B8018119
*FILENAME* : D:\GraduationProject\STC51\Project\ws2812_driver\Output\ws2812_driver.hex
*FILETIME* : 2025年12月27日, 21:50:57
*FILESIZE* : 15117 (0x003B0D)
*CODESIZE* : 5368 (0x0014F8)
*CHECKSUM* : 0x0006F82C
*ISPMODE* : 2
*ISPRESULT* : 0
--------------------
[2025-12-27 21:51:00] : End
--------------------------------------------------
[2025-12-27 21:51:17] : Begin
--------------------
*MCUTYPE* : AI8051U-34K64
*MCUID* : 78B4C9B8018119
*FILENAME* : D:\GraduationProject\STC51\Project\ws2812_driver\Output\ws2812_driver.hex
*FILETIME* : 2025年12月27日, 21:51:16
*FILESIZE* : 15131 (0x003B1B)
*CODESIZE* : 5375 (0x0014FF)
*CHECKSUM* : 0x0006FC59
*ISPMODE* : 2
*ISPRESULT* : 0
--------------------
[2025-12-27 21:51:20] : End
--------------------------------------------------
[2025-12-27 21:52:53] : Begin
--------------------
*MCUTYPE* : AI8051U-34K64
*MCUID* : 78B4C9B8018119
*FILENAME* : D:\GraduationProject\STC51\Project\ws2812_driver\Output\ws2812_driver.hex
*FILETIME* : 2025年12月27日, 21:52:51
*FILESIZE* : 15307 (0x003BCB)
*CODESIZE* : 5437 (0x00153D)
*CHECKSUM* : 0x00072A37
*ISPMODE* : 2
*ISPRESULT* : 0
--------------------
[2025-12-27 21:52:55] : End
--------------------------------------------------
[2025-12-27 21:53:40] : Begin
--------------------
*MCUTYPE* : AI8051U-34K64
*MCUID* : 78B4C9B8018119
*FILENAME* : D:\GraduationProject\STC51\Project\ws2812_driver\Output\ws2812_driver.hex
*FILETIME* : 2025年12月27日, 21:53:38
*FILESIZE* : 15309 (0x003BCD)
*CODESIZE* : 5438 (0x00153E)
*CHECKSUM* : 0x0007295E
*ISPMODE* : 2
*ISPRESULT* : 0
--------------------
[2025-12-27 21:53:42] : End
--------------------------------------------------
[2025-12-27 21:54:00] : Begin
--------------------
*MCUTYPE* : AI8051U-34K64
*MCUID* : 78B4C9B8018119
*FILENAME* : D:\GraduationProject\STC51\Project\ws2812_driver\Output\ws2812_driver.hex
*FILETIME* : 2025年12月27日, 21:53:58
*FILESIZE* : 15295 (0x003BBF)
*CODESIZE* : 5431 (0x001537)
*CHECKSUM* : 0x00072E6C
*ISPMODE* : 2
*ISPRESULT* : 0
--------------------
[2025-12-27 21:54:02] : End
--------------------------------------------------
[2025-12-27 21:56:43] : Begin
--------------------
*MCUTYPE* : AI8051U-34K64
*MCUID* : 78B4C9B8018119
*FILENAME* : D:\GraduationProject\STC51\Project\ws2812_driver\Output\ws2812_driver.hex
*FILETIME* : 2025年12月27日, 21:56:42
*FILESIZE* : 15117 (0x003B0D)
*CODESIZE* : 5368 (0x0014F8)
*CHECKSUM* : 0x0006F85F
*ISPMODE* : 2
*ISPRESULT* : 0
--------------------
[2025-12-27 21:56:46] : End
--------------------------------------------------
[2025-12-27 21:57:36] : Begin
--------------------
*MCUTYPE* : AI8051U-34K64
*MCUID* : 78B4C9B8018119
*FILENAME* : D:\GraduationProject\STC51\Project\ws2812_driver\Output\ws2812_driver.hex
*FILETIME* : 2025年12月27日, 21:57:34
*FILESIZE* : 15117 (0x003B0D)
*CODESIZE* : 5368 (0x0014F8)
*CHECKSUM* : 0x0006F88F
*ISPMODE* : 2
*ISPRESULT* : 0
--------------------
[2025-12-27 21:57:38] : End
--------------------------------------------------
[2025-12-27 21:57:48] : Begin
--------------------
*MCUTYPE* : AI8051U-34K64
*MCUID* : 78B4C9B8018119
*FILENAME* : D:\GraduationProject\STC51\Project\ws2812_driver\Output\ws2812_driver.hex
*FILETIME* : 2025年12月27日, 21:57:46
*FILESIZE* : 15115 (0x003B0B)
*CODESIZE* : 5367 (0x0014F7)
*CHECKSUM* : 0x0006F988
*ISPMODE* : 2
*ISPRESULT* : 0
--------------------
[2025-12-27 21:57:50] : End
--------------------------------------------------
[2025-12-27 21:57:52] : Begin
--------------------
*MCUTYPE* : AI8051U-34K64
*MCUID* : 78B4C9B8018119
*FILENAME* : D:\GraduationProject\STC51\Project\ws2812_driver\Output\ws2812_driver.hex
*FILETIME* : 2025年12月27日, 21:57:48
*FILESIZE* : 15115 (0x003B0B)
*CODESIZE* : 5367 (0x0014F7)
*CHECKSUM* : 0x0006F988
*ISPMODE* : 2
*ISPRESULT* : 0
--------------------
[2025-12-27 21:57:54] : End
--------------------------------------------------
[2025-12-27 21:59:19] : Begin
--------------------
*MCUTYPE* : AI8051U-34K64
*MCUID* : 78B4C9B8018119
*FILENAME* : D:\GraduationProject\STC51\Project\ws2812_driver\Output\ws2812_driver.hex
*FILETIME* : 2025年12月27日, 21:59:18
*FILESIZE* : 15115 (0x003B0B)
*CODESIZE* : 5367 (0x0014F7)
*CHECKSUM* : 0x0006F9A8
*ISPMODE* : 2
*ISPRESULT* : 0
--------------------
[2025-12-27 21:59:21] : End
--------------------------------------------------
[2025-12-27 22:02:05] : Begin
--------------------
*MCUTYPE* : AI8051U-34K64
*MCUID* : 78B4C9B8018119
*FILENAME* : D:\GraduationProject\STC51\Project\ws2812_driver\Output\ws2812_driver.hex
*FILETIME* : 2025年12月27日, 22:02:03
*FILESIZE* : 15117 (0x003B0D)
*CODESIZE* : 5368 (0x0014F8)
*CHECKSUM* : 0x0006FA41
*ISPMODE* : 2
*ISPRESULT* : 0
--------------------
[2025-12-27 22:02:07] : End
--------------------------------------------------
[2025-12-27 22:03:03] : Begin
--------------------
*MCUTYPE* : AI8051U-34K64
*MCUID* : 78B4C9B8018119
*FILENAME* : D:\GraduationProject\STC51\Project\ws2812_driver\Output\ws2812_driver.hex
*FILETIME* : 2025年12月27日, 22:03:01
*FILESIZE* : 15121 (0x003B11)
*CODESIZE* : 5370 (0x0014FA)
*CHECKSUM* : 0x0006FA29
*ISPMODE* : 2
*ISPRESULT* : 0
--------------------
[2025-12-27 22:03:05] : End
--------------------------------------------------
[2025-12-27 22:03:26] : Begin
--------------------
*MCUTYPE* : AI8051U-34K64
*MCUID* : 78B4C9B8018119
*FILENAME* : D:\GraduationProject\STC51\Project\ws2812_driver\Output\ws2812_driver.hex
*FILETIME* : 2025年12月27日, 22:03:24
*FILESIZE* : 15125 (0x003B15)
*CODESIZE* : 5372 (0x0014FC)
*CHECKSUM* : 0x0006FB4C
*ISPMODE* : 2
*ISPRESULT* : 0
--------------------
[2025-12-27 22:03:28] : End
--------------------------------------------------
[2025-12-27 22:03:40] : Begin
--------------------
*MCUTYPE* : AI8051U-34K64
*MCUID* : 78B4C9B8018119
*FILENAME* : D:\GraduationProject\STC51\Project\ws2812_driver\Output\ws2812_driver.hex
*FILETIME* : 2025年12月27日, 22:03:38
*FILESIZE* : 15103 (0x003AFF)
*CODESIZE* : 5361 (0x0014F1)
*CHECKSUM* : 0x0006F09C
*ISPMODE* : 2
*ISPRESULT* : 0
--------------------
[2025-12-27 22:03:42] : End
--------------------------------------------------
[2025-12-27 22:03:54] : Begin
--------------------
*MCUTYPE* : AI8051U-34K64
*MCUID* : 78B4C9B8018119
*FILENAME* : D:\GraduationProject\STC51\Project\ws2812_driver\Output\ws2812_driver.hex
*FILETIME* : 2025年12月27日, 22:03:53
*FILESIZE* : 15121 (0x003B11)
*CODESIZE* : 5370 (0x0014FA)
*CHECKSUM* : 0x0006F9EB
*ISPMODE* : 2
*ISPRESULT* : 0
--------------------
[2025-12-27 22:03:56] : End
--------------------------------------------------
[2025-12-27 22:04:25] : Begin
--------------------
*MCUTYPE* : AI8051U-34K64
*MCUID* : 78B4C9B8018119
*FILENAME* : D:\GraduationProject\STC51\Project\ws2812_driver\Output\ws2812_driver.hex
*FILETIME* : 2025年12月27日, 22:04:24
*FILESIZE* : 15068 (0x003ADC)
*CODESIZE* : 5350 (0x0014E6)
*CHECKSUM* : 0x0006F047
*ISPMODE* : 2
*ISPRESULT* : 0
--------------------
[2025-12-27 22:04:28] : End
--------------------------------------------------
[2025-12-27 22:04:44] : Begin
--------------------
*MCUTYPE* : AI8051U-34K64
*MCUID* : 78B4C9B8018119
*FILENAME* : D:\GraduationProject\STC51\Project\ws2812_driver\Output\ws2812_driver.hex
*FILETIME* : 2025年12月27日, 22:04:43
*FILESIZE* : 15068 (0x003ADC)
*CODESIZE* : 5350 (0x0014E6)
*CHECKSUM* : 0x0006F055
*ISPMODE* : 2
*ISPRESULT* : 0
--------------------
[2025-12-27 22:04:47] : End
--------------------------------------------------
[2025-12-27 22:05:00] : Begin
--------------------
*MCUTYPE* : AI8051U-34K64
*MCUID* : 78B4C9B8018119
*FILENAME* : D:\GraduationProject\STC51\Project\ws2812_driver\Output\ws2812_driver.hex
*FILETIME* : 2025年12月27日, 22:04:59
*FILESIZE* : 15066 (0x003ADA)
*CODESIZE* : 5349 (0x0014E5)
*CHECKSUM* : 0x0006F020
*ISPMODE* : 2
*ISPRESULT* : 0
--------------------
[2025-12-27 22:05:03] : End
--------------------------------------------------
[2025-12-27 22:05:41] : Begin
--------------------
*MCUTYPE* : AI8051U-34K64
*MCUID* : 78B4C9B8018119
*FILENAME* : D:\GraduationProject\STC51\Project\ws2812_driver\Output\ws2812_driver.hex
*FILETIME* : 2025年12月27日, 22:05:39
*FILESIZE* : 15066 (0x003ADA)
*CODESIZE* : 5349 (0x0014E5)
*CHECKSUM* : 0x0006F030
*ISPMODE* : 2
*ISPRESULT* : 0
--------------------
[2025-12-27 22:05:43] : End
--------------------------------------------------
[2025-12-27 22:06:01] : Begin
--------------------
*MCUTYPE* : AI8051U-34K64
*MCUID* : 78B4C9B8018119
*FILENAME* : D:\GraduationProject\STC51\Project\ws2812_driver\Output\ws2812_driver.hex
*FILETIME* : 2025年12月27日, 22:05:59
*FILESIZE* : 15066 (0x003ADA)
*CODESIZE* : 5349 (0x0014E5)
*CHECKSUM* : 0x0006F050
*ISPMODE* : 2
*ISPRESULT* : 0
--------------------
[2025-12-27 22:06:03] : End
--------------------------------------------------
[2025-12-27 22:06:33] : Begin
--------------------
*MCUTYPE* : AI8051U-34K64
*MCUID* : 78B4C9B8018119
*FILENAME* : D:\GraduationProject\STC51\Project\ws2812_driver\Output\ws2812_driver.hex
*FILETIME* : 2025年12月27日, 22:06:31
*FILESIZE* : 15064 (0x003AD8)
*CODESIZE* : 5348 (0x0014E4)
*CHECKSUM* : 0x0006EF80
*ISPMODE* : 2
*ISPRESULT* : 0
--------------------
[2025-12-27 22:06:35] : End
--------------------------------------------------
[2025-12-27 22:07:12] : Begin
--------------------
*MCUTYPE* : AI8051U-34K64
*MCUID* : 78B4C9B8018119
*FILENAME* : D:\GraduationProject\STC51\Project\ws2812_driver\Output\ws2812_driver.hex
*FILETIME* : 2025年12月27日, 22:07:10
*FILESIZE* : 15062 (0x003AD6)
*CODESIZE* : 5347 (0x0014E3)
*CHECKSUM* : 0x0006EEE8
*ISPMODE* : 2
*ISPRESULT* : 0
--------------------
[2025-12-27 22:07:14] : End
--------------------------------------------------
[2025-12-27 22:07:57] : Begin
--------------------
*MCUTYPE* : AI8051U-34K64
*MCUID* : 78B4C9B8018119
*FILENAME* : D:\GraduationProject\STC51\Project\ws2812_driver\Output\ws2812_driver.hex
*FILETIME* : 2025年12月27日, 22:07:55
*FILESIZE* : 15115 (0x003B0B)
*CODESIZE* : 5367 (0x0014F7)
*CHECKSUM* : 0x0006F985
*ISPMODE* : 2
*ISPRESULT* : 0
--------------------
[2025-12-27 22:07:59] : End
--------------------------------------------------
[2025-12-27 22:08:37] : Begin
--------------------
*MCUTYPE* : AI8051U-34K64
*MCUID* : 78B4C9B8018119
*FILENAME* : D:\GraduationProject\STC51\Project\ws2812_driver\Output\ws2812_driver.hex
*FILETIME* : 2025年12月27日, 22:08:36
*FILESIZE* : 15062 (0x003AD6)
*CODESIZE* : 5347 (0x0014E3)
*CHECKSUM* : 0x0006EEEF
*ISPMODE* : 2
*ISPRESULT* : 0
--------------------
[2025-12-27 22:08:39] : End
--------------------------------------------------
[2025-12-27 22:08:52] : Begin
--------------------
*MCUTYPE* : AI8051U-34K64
*MCUID* : 78B4C9B8018119
*FILENAME* : D:\GraduationProject\STC51\Project\ws2812_driver\Output\ws2812_driver.hex
*FILETIME* : 2025年12月27日, 22:08:51
*FILESIZE* : 15115 (0x003B0B)
*CODESIZE* : 5367 (0x0014F7)
*CHECKSUM* : 0x0006F9A5
*ISPMODE* : 2
*ISPRESULT* : 0
--------------------
[2025-12-27 22:08:54] : End
--------------------------------------------------
[2025-12-27 22:09:29] : Begin
--------------------
*MCUTYPE* : AI8051U-34K64
*MCUID* : 78B4C9B8018119
*FILENAME* : D:\GraduationProject\STC51\Project\ws2812_driver\Output\ws2812_driver.hex
*FILETIME* : 2025年12月27日, 22:09:27
*FILESIZE* : 15129 (0x003B19)
*CODESIZE* : 5374 (0x0014FE)
*CHECKSUM* : 0x0006FD3A
*ISPMODE* : 2
*ISPRESULT* : 0
--------------------
[2025-12-27 22:09:32] : End
--------------------------------------------------
[2025-12-27 22:10:36] : Begin
--------------------
*MCUTYPE* : AI8051U-34K64
*MCUID* : 78B4C9B8018119
*FILENAME* : D:\GraduationProject\STC51\Project\ws2812_driver\Output\ws2812_driver.hex
*FILETIME* : 2025年12月27日, 22:10:34
*FILESIZE* : 15211 (0x003B6B)
*CODESIZE* : 5402 (0x00151A)
*CHECKSUM* : 0x000710E3
*ISPMODE* : 2
*ISPRESULT* : 0
--------------------
[2025-12-27 22:10:38] : End
--------------------------------------------------
[2025-12-27 22:11:01] : Begin
--------------------
*MCUTYPE* : AI8051U-34K64
*MCUID* : 78B4C9B8018119
*FILENAME* : D:\GraduationProject\STC51\Project\ws2812_driver\Output\ws2812_driver.hex
*FILETIME* : 2025年12月27日, 22:10:59
*FILESIZE* : 15211 (0x003B6B)
*CODESIZE* : 5402 (0x00151A)
*CHECKSUM* : 0x000710FB
*ISPMODE* : 2
*ISPRESULT* : 0
--------------------
[2025-12-27 22:11:03] : End
--------------------------------------------------
[2025-12-27 22:27:50] : Begin
--------------------
*MCUTYPE* : AI8051U-34K64
*MCUID* : 78B4C9B8018119
*FILENAME* : D:\GraduationProject\STC51\Project\ws2812_driver\Output\ws2812_driver.hex
*FILETIME* : 2025年12月27日, 22:27:49
*FILESIZE* : 15150 (0x003B2E)
*CODESIZE* : 5378 (0x001502)
*CHECKSUM* : 0x00070220
*ISPMODE* : 2
*ISPRESULT* : 0
--------------------
[2025-12-27 22:27:52] : End
--------------------------------------------------
[2025-12-27 22:31:42] : Begin
--------------------
*MCUTYPE* : AI8051U-34K64
*MCUID* : 78B4C9B8018119
*FILENAME* : D:\GraduationProject\STC51\Project\ws2812_driver\Output\ws2812_driver.hex
*FILETIME* : 2025年12月27日, 22:31:40
*FILESIZE* : 15166 (0x003B3E)
*CODESIZE* : 5386 (0x00150A)
*CHECKSUM* : 0x00070A0D
*ISPMODE* : 2
*ISPRESULT* : 0
--------------------
[2025-12-27 22:31:44] : End
--------------------------------------------------
[2025-12-27 22:32:15] : Begin
--------------------
*MCUTYPE* : AI8051U-34K64
*MCUID* : 78B4C9B8018119
*FILENAME* : D:\GraduationProject\STC51\Project\ws2812_driver\Output\ws2812_driver.hex
*FILETIME* : 2025年12月27日, 22:32:14
*FILESIZE* : 15166 (0x003B3E)
*CODESIZE* : 5386 (0x00150A)
*CHECKSUM* : 0x00070959
*ISPMODE* : 2
*ISPRESULT* : 0
--------------------
[2025-12-27 22:32:17] : End
--------------------------------------------------
[2025-12-27 22:32:28] : Begin
--------------------
*MCUTYPE* : AI8051U-34K64
*MCUID* : 78B4C9B8018119
*FILENAME* : D:\GraduationProject\STC51\Project\ws2812_driver\Output\ws2812_driver.hex
*FILETIME* : 2025年12月27日, 22:32:27
*FILESIZE* : 15166 (0x003B3E)
*CODESIZE* : 5386 (0x00150A)
*CHECKSUM* : 0x0007094F
*ISPMODE* : 2
*ISPRESULT* : 0
--------------------
[2025-12-27 22:32:30] : End
--------------------------------------------------
[2025-12-27 22:32:40] : Begin
--------------------
*MCUTYPE* : AI8051U-34K64
*MCUID* : 78B4C9B8018119
*FILENAME* : D:\GraduationProject\STC51\Project\ws2812_driver\Output\ws2812_driver.hex
*FILETIME* : 2025年12月27日, 22:32:38
*FILESIZE* : 15166 (0x003B3E)
*CODESIZE* : 5386 (0x00150A)
*CHECKSUM* : 0x00070946
*ISPMODE* : 2
*ISPRESULT* : 0
--------------------
[2025-12-27 22:32:42] : End
--------------------------------------------------
[2025-12-27 22:32:52] : Begin
--------------------
*MCUTYPE* : AI8051U-34K64
*MCUID* : 78B4C9B8018119
*FILENAME* : D:\GraduationProject\STC51\Project\ws2812_driver\Output\ws2812_driver.hex
*FILETIME* : 2025年12月27日, 22:32:50
*FILESIZE* : 15152 (0x003B30)
*CODESIZE* : 5379 (0x001503)
*CHECKSUM* : 0x000703E2
*ISPMODE* : 2
*ISPRESULT* : 0
--------------------
[2025-12-27 22:32:54] : End
--------------------------------------------------
[2025-12-27 22:35:22] : Begin
--------------------
*MCUTYPE* : AI8051U-34K64
*MCUID* : 78B4C9B8018119
*FILENAME* : D:\GraduationProject\STC51\Project\ws2812_driver\Output\ws2812_driver.hex
*FILETIME* : 2025年12月27日, 22:35:20
*FILESIZE* : 15164 (0x003B3C)
*CODESIZE* : 5385 (0x001509)
*CHECKSUM* : 0x00070950
*ISPMODE* : 2
*ISPRESULT* : 0
--------------------
[2025-12-27 22:35:24] : End
--------------------------------------------------
[2025-12-27 22:35:44] : Begin
--------------------
*MCUTYPE* : AI8051U-34K64
*MCUID* : 78B4C9B8018119
*FILENAME* : D:\GraduationProject\STC51\Project\ws2812_driver\Output\ws2812_driver.hex
*FILETIME* : 2025年12月27日, 22:35:43
*FILESIZE* : 15164 (0x003B3C)
*CODESIZE* : 5385 (0x001509)
*CHECKSUM* : 0x00070950
*ISPMODE* : 2
*ISPRESULT* : 0
--------------------
[2025-12-27 22:35:46] : End
--------------------------------------------------
[2025-12-27 22:35:58] : Begin
--------------------
*MCUTYPE* : AI8051U-34K64
*MCUID* : 78B4C9B8018119
*FILENAME* : D:\GraduationProject\STC51\Project\ws2812_driver\Output\ws2812_driver.hex
*FILETIME* : 2025年12月27日, 22:35:56
*FILESIZE* : 15172 (0x003B44)
*CODESIZE* : 5389 (0x00150D)
*CHECKSUM* : 0x0007090D
*ISPMODE* : 2
*ISPRESULT* : 0
--------------------
[2025-12-27 22:36:00] : End
--------------------------------------------------
[2025-12-27 23:09:04] : Begin
--------------------
*MCUTYPE* : AI8051U-34K64
*MCUID* : 78B4C9B8018119
*FILENAME* : D:\GraduationProject\STC51\Project\ws2812_driver\Output\ws2812_driver.hex
*FILETIME* : 2025年12月27日, 23:09:02
*FILESIZE* : 15297 (0x003BC1)
*CODESIZE* : 5432 (0x001538)
*CHECKSUM* : 0x000729AA
*ISPMODE* : 2
*ISPRESULT* : 0
--------------------
[2025-12-27 23:09:06] : End
--------------------------------------------------
[2025-12-27 23:09:25] : Begin
--------------------
*MCUTYPE* : AI8051U-34K64
*MCUID* : 78B4C9B8018119
*FILENAME* : D:\GraduationProject\STC51\Project\ws2812_driver\Output\ws2812_driver.hex
*FILETIME* : 2025年12月27日, 23:09:23
*FILESIZE* : 15297 (0x003BC1)
*CODESIZE* : 5432 (0x001538)
*CHECKSUM* : 0x000729AA
*ISPMODE* : 2
*ISPRESULT* : 0
--------------------
[2025-12-27 23:09:28] : End
--------------------------------------------------
[2025-12-27 23:09:49] : Begin
--------------------
*MCUTYPE* : AI8051U-34K64
*MCUID* : 78B4C9B8018119
*FILENAME* : D:\GraduationProject\STC51\Project\ws2812_driver\Output\ws2812_driver.hex
*FILETIME* : 2025年12月27日, 23:09:47
*FILESIZE* : 15297 (0x003BC1)
*CODESIZE* : 5432 (0x001538)
*CHECKSUM* : 0x000729AD
*ISPMODE* : 2
*ISPRESULT* : 0
--------------------
[2025-12-27 23:09:52] : End
--------------------------------------------------
[2025-12-27 23:10:28] : Begin
--------------------
*MCUTYPE* : AI8051U-34K64
*MCUID* : 78B4C9B8018119
*FILENAME* : D:\GraduationProject\STC51\Project\ws2812_driver\Output\ws2812_driver.hex
*FILETIME* : 2025年12月27日, 23:10:26
*FILESIZE* : 15297 (0x003BC1)
*CODESIZE* : 5432 (0x001538)
*CHECKSUM* : 0x00072A2C
*ISPMODE* : 2
*ISPRESULT* : 0
--------------------
[2025-12-27 23:10:30] : End
--------------------------------------------------
[2025-12-27 23:10:55] : Begin
--------------------
*MCUTYPE* : AI8051U-34K64
*MCUID* : 78B4C9B8018119
*FILENAME* : D:\GraduationProject\STC51\Project\ws2812_driver\Output\ws2812_driver.hex
*FILETIME* : 2025年12月27日, 23:10:53
*FILESIZE* : 15311 (0x003BCF)
*CODESIZE* : 5439 (0x00153F)
*CHECKSUM* : 0x0007328C
*ISPMODE* : 2
*ISPRESULT* : 0
--------------------
[2025-12-27 23:10:57] : End
--------------------------------------------------
[2025-12-27 23:11:56] : Begin
--------------------
*MCUTYPE* : AI8051U-34K64
*MCUID* : 78B4C9B8018119
*FILENAME* : D:\GraduationProject\STC51\Project\ws2812_driver\Output\ws2812_driver.hex
*FILETIME* : 2025年12月27日, 23:11:55
*FILESIZE* : 15291 (0x003BBB)
*CODESIZE* : 5429 (0x001535)
*CHECKSUM* : 0x00072923
*ISPMODE* : 2
*ISPRESULT* : 0
--------------------
[2025-12-27 23:11:58] : End
--------------------------------------------------
[2025-12-27 23:12:25] : Begin
--------------------
*MCUTYPE* : AI8051U-34K64
*MCUID* : 78B4C9B8018119
*FILENAME* : D:\GraduationProject\STC51\Project\ws2812_driver\Output\ws2812_driver.hex
*FILETIME* : 2025年12月27日, 23:12:24
*FILESIZE* : 15295 (0x003BBF)
*CODESIZE* : 5431 (0x001537)
*CHECKSUM* : 0x000729B9
*ISPMODE* : 2
*ISPRESULT* : 0
--------------------
[2025-12-27 23:12:28] : End
--------------------------------------------------
[2025-12-27 23:12:37] : Begin
--------------------
*MCUTYPE* : AI8051U-34K64
*MCUID* : 78B4C9B8018119
*FILENAME* : D:\GraduationProject\STC51\Project\ws2812_driver\Output\ws2812_driver.hex
*FILETIME* : 2025年12月27日, 23:12:36
*FILESIZE* : 15295 (0x003BBF)
*CODESIZE* : 5431 (0x001537)
*CHECKSUM* : 0x000729D7
*ISPMODE* : 2
*ISPRESULT* : 0
--------------------
[2025-12-27 23:12:40] : End
--------------------------------------------------
[2025-12-27 23:12:48] : Begin
--------------------
*MCUTYPE* : AI8051U-34K64
*MCUID* : 78B4C9B8018119
*FILENAME* : D:\GraduationProject\STC51\Project\ws2812_driver\Output\ws2812_driver.hex
*FILETIME* : 2025年12月27日, 23:12:46
*FILESIZE* : 15295 (0x003BBF)
*CODESIZE* : 5431 (0x001537)
*CHECKSUM* : 0x00072A31
*ISPMODE* : 2
*ISPRESULT* : 0
--------------------
[2025-12-27 23:12:51] : End
--------------------------------------------------
[2025-12-27 23:13:01] : Begin
--------------------
*MCUTYPE* : AI8051U-34K64
*MCUID* : 78B4C9B8018119
*FILENAME* : D:\GraduationProject\STC51\Project\ws2812_driver\Output\ws2812_driver.hex
*FILETIME* : 2025年12月27日, 23:13:00
*FILESIZE* : 15295 (0x003BBF)
*CODESIZE* : 5431 (0x001537)
*CHECKSUM* : 0x00072A6D
*ISPMODE* : 2
*ISPRESULT* : 0
--------------------
[2025-12-27 23:13:04] : End
--------------------------------------------------
[2025-12-27 23:13:13] : Begin
--------------------
*MCUTYPE* : AI8051U-34K64
*MCUID* : 78B4C9B8018119
*FILENAME* : D:\GraduationProject\STC51\Project\ws2812_driver\Output\ws2812_driver.hex
*FILETIME* : 2025年12月27日, 23:13:11
*FILESIZE* : 15295 (0x003BBF)
*CODESIZE* : 5431 (0x001537)
*CHECKSUM* : 0x00072AC1
*ISPMODE* : 2
*ISPRESULT* : 0
--------------------
[2025-12-27 23:13:15] : End
--------------------------------------------------
[2025-12-27 23:13:44] : Begin
--------------------
*MCUTYPE* : AI8051U-34K64
*MCUID* : 78B4C9B8018119
*FILENAME* : D:\GraduationProject\STC51\Project\ws2812_driver\Output\ws2812_driver.hex
*FILETIME* : 2025年12月27日, 23:13:42
*FILESIZE* : 15299 (0x003BC3)
*CODESIZE* : 5433 (0x001539)
*CHECKSUM* : 0x00072BFC
*ISPMODE* : 2
*ISPRESULT* : 0
--------------------
[2025-12-27 23:13:46] : End
--------------------------------------------------
[2025-12-27 23:14:18] : Begin
--------------------
*MCUTYPE* : AI8051U-34K64
*MCUID* : 78B4C9B8018119
*FILENAME* : D:\GraduationProject\STC51\Project\ws2812_driver\Output\ws2812_driver.hex
*FILETIME* : 2025年12月27日, 23:14:16
*FILESIZE* : 15289 (0x003BB9)
*CODESIZE* : 5428 (0x001534)
*CHECKSUM* : 0x000727E4
*ISPMODE* : 2
*ISPRESULT* : 0
--------------------
[2025-12-27 23:14:20] : End
--------------------------------------------------
[2025-12-27 23:15:38] : Begin
--------------------
*MCUTYPE* : AI8051U-34K64
*MCUID* : 78B4C9B8018119
*FILENAME* : D:\GraduationProject\STC51\Project\ws2812_driver\Output\ws2812_driver.hex
*FILETIME* : 2025年12月27日, 23:15:37
*FILESIZE* : 15299 (0x003BC3)
*CODESIZE* : 5433 (0x001539)
*CHECKSUM* : 0x00072D79
*ISPMODE* : 2
*ISPRESULT* : 0
--------------------
[2025-12-27 23:15:41] : End
--------------------------------------------------
[2025-12-27 23:15:54] : Begin
--------------------
*MCUTYPE* : AI8051U-34K64
*MCUID* : 78B4C9B8018119
*FILENAME* : D:\GraduationProject\STC51\Project\ws2812_driver\Output\ws2812_driver.hex
*FILETIME* : 2025年12月27日, 23:15:52
*FILESIZE* : 15299 (0x003BC3)
*CODESIZE* : 5433 (0x001539)
*CHECKSUM* : 0x00072D79
*ISPMODE* : 2
*ISPRESULT* : 0
--------------------
[2025-12-27 23:15:57] : End
--------------------------------------------------
[2025-12-27 23:16:31] : Begin
--------------------
*MCUTYPE* : AI8051U-34K64
*MCUID* : 78B4C9B8018119
*FILENAME* : D:\GraduationProject\STC51\Project\ws2812_driver\Output\ws2812_driver.hex
*FILETIME* : 2025年12月27日, 23:16:30
*FILESIZE* : 15264 (0x003BA0)
*CODESIZE* : 5422 (0x00152E)
*CHECKSUM* : 0x00072BD1
*ISPMODE* : 2
*ISPRESULT* : 0
--------------------
[2025-12-27 23:16:34] : End
--------------------------------------------------
[2025-12-27 23:17:39] : Begin
--------------------
*MCUTYPE* : AI8051U-34K64
*MCUID* : 78B4C9B8018119
*FILENAME* : D:\GraduationProject\STC51\Project\ws2812_driver\Output\ws2812_driver.hex
*FILETIME* : 2025年12月27日, 23:17:38
*FILESIZE* : 15295 (0x003BBF)
*CODESIZE* : 5431 (0x001537)
*CHECKSUM* : 0x00072C06
*ISPMODE* : 2
*ISPRESULT* : 0
--------------------
[2025-12-27 23:17:41] : End
--------------------------------------------------
[2025-12-27 23:20:34] : Begin
--------------------
*MCUTYPE* : AI8051U-34K64
*MCUID* : 78B4C9B8018119
*FILENAME* : D:\GraduationProject\STC51\Project\ws2812_driver\Output\ws2812_driver.hex
*FILETIME* : 2025年12月27日, 23:20:33
*FILESIZE* : 15295 (0x003BBF)
*CODESIZE* : 5431 (0x001537)
*CHECKSUM* : 0x00072A89
*ISPMODE* : 2
*ISPRESULT* : 0
--------------------
[2025-12-27 23:20:37] : End
--------------------------------------------------
[2025-12-27 23:21:00] : Begin
--------------------
*MCUTYPE* : AI8051U-34K64
*MCUID* : 78B4C9B8018119
*FILENAME* : D:\GraduationProject\STC51\Project\ws2812_driver\Output\ws2812_driver.hex
*FILETIME* : 2025年12月27日, 23:20:58
*FILESIZE* : 15295 (0x003BBF)
*CODESIZE* : 5431 (0x001537)
*CHECKSUM* : 0x00072A91
*ISPMODE* : 2
*ISPRESULT* : 0
--------------------
[2025-12-27 23:21:03] : End
--------------------------------------------------
[2025-12-27 23:21:31] : Begin
--------------------
*MCUTYPE* : AI8051U-34K64
*MCUID* : 78B4C9B8018119
*FILENAME* : D:\GraduationProject\STC51\Project\ws2812_driver\Output\ws2812_driver.hex
*FILETIME* : 2025年12月27日, 23:21:29
*FILESIZE* : 15295 (0x003BBF)
*CODESIZE* : 5431 (0x001537)
*CHECKSUM* : 0x00072AA1
*ISPMODE* : 2
*ISPRESULT* : 0
--------------------
[2025-12-27 23:21:33] : End
--------------------------------------------------
[2025-12-27 23:21:58] : Begin
--------------------
*MCUTYPE* : AI8051U-34K64
*MCUID* : 78B4C9B8018119
*FILENAME* : D:\GraduationProject\STC51\Project\ws2812_driver\Output\ws2812_driver.hex
*FILETIME* : 2025年12月27日, 23:21:56
*FILESIZE* : 15295 (0x003BBF)
*CODESIZE* : 5431 (0x001537)
*CHECKSUM* : 0x00072AC1
*ISPMODE* : 2
*ISPRESULT* : 0
--------------------
[2025-12-27 23:22:00] : End
--------------------------------------------------
[2025-12-27 23:23:01] : Begin
--------------------
*MCUTYPE* : AI8051U-34K64
*MCUID* : 78B4C9B8018119
*FILENAME* : D:\GraduationProject\STC51\Project\ws2812_driver\Output\ws2812_driver.hex
*FILETIME* : 2025年12月27日, 23:22:59
*FILESIZE* : 15295 (0x003BBF)
*CODESIZE* : 5431 (0x001537)
*CHECKSUM* : 0x00072ABE
*ISPMODE* : 2
*ISPRESULT* : 0
--------------------
[2025-12-27 23:23:03] : End
--------------------------------------------------
[2025-12-27 23:23:11] : Begin
--------------------
*MCUTYPE* : AI8051U-34K64
*MCUID* : 78B4C9B8018119
*FILENAME* : D:\GraduationProject\STC51\Project\ws2812_driver\Output\ws2812_driver.hex
*FILETIME* : 2025年12月27日, 23:23:09
*FILESIZE* : 15295 (0x003BBF)
*CODESIZE* : 5431 (0x001537)
*CHECKSUM* : 0x000729FE
*ISPMODE* : 2
*ISPRESULT* : 0
--------------------
[2025-12-27 23:23:13] : End
--------------------------------------------------
[2025-12-27 23:26:05] : Begin
--------------------
*MCUTYPE* : AI8051U-34K64
*MCUID* : 78B4C9B8018119
*FILENAME* : D:\GraduationProject\STC51\Project\ws2812_driver\Output\ws2812_driver.hex
*FILETIME* : 2025年12月27日, 23:26:04
*FILESIZE* : 15264 (0x003BA0)
*CODESIZE* : 5422 (0x00152E)
*CHECKSUM* : 0x00072991
*ISPMODE* : 2
*ISPRESULT* : 0
--------------------
[2025-12-27 23:26:07] : End
--------------------------------------------------
[2025-12-27 23:26:21] : Begin
--------------------
*MCUTYPE* : AI8051U-34K64
*MCUID* : 78B4C9B8018119
*FILENAME* : D:\GraduationProject\STC51\Project\ws2812_driver\Output\ws2812_driver.hex
*FILETIME* : 2025年12月27日, 23:26:20
*FILESIZE* : 15289 (0x003BB9)
*CODESIZE* : 5428 (0x001534)
*CHECKSUM* : 0x000727E4
*ISPMODE* : 2
*ISPRESULT* : 0
--------------------
[2025-12-27 23:26:23] : End
--------------------------------------------------
[2025-12-27 23:26:50] : Begin
--------------------
*MCUTYPE* : AI8051U-34K64
*MCUID* : 78B4C9B8018119
*FILENAME* : D:\GraduationProject\STC51\Project\ws2812_driver\Output\ws2812_driver.hex
*FILETIME* : 2025年12月27日, 23:26:49
*FILESIZE* : 15264 (0x003BA0)
*CODESIZE* : 5422 (0x00152E)
*CHECKSUM* : 0x00072994
*ISPMODE* : 2
*ISPRESULT* : 0
--------------------
[2025-12-27 23:26:53] : End
--------------------------------------------------
[2025-12-27 23:27:35] : Begin
--------------------
*MCUTYPE* : AI8051U-34K64
*MCUID* : 78B4C9B8018119
*FILENAME* : D:\GraduationProject\STC51\Project\ws2812_driver\Output\ws2812_driver.hex
*FILETIME* : 2025年12月27日, 23:27:33
*FILESIZE* : 15264 (0x003BA0)
*CODESIZE* : 5422 (0x00152E)
*CHECKSUM* : 0x00072A54
*ISPMODE* : 2
*ISPRESULT* : 0
--------------------
[2025-12-27 23:27:37] : End
--------------------------------------------------
[2025-12-27 23:28:11] : Begin
--------------------
*MCUTYPE* : AI8051U-34K64
*MCUID* : 78B4C9B8018119
*FILENAME* : D:\GraduationProject\STC51\Project\ws2812_driver\Output\ws2812_driver.hex
*FILETIME* : 2025年12月27日, 23:28:09
*FILESIZE* : 15264 (0x003BA0)
*CODESIZE* : 5422 (0x00152E)
*CHECKSUM* : 0x00072BD1
*ISPMODE* : 2
*ISPRESULT* : 0
--------------------
[2025-12-27 23:28:13] : End
--------------------------------------------------
[2025-12-27 23:28:58] : Begin
--------------------
*MCUTYPE* : AI8051U-34K64
*MCUID* : 78B4C9B8018119
*FILENAME* : D:\GraduationProject\STC51\Project\ws2812_driver\Output\ws2812_driver.hex
*FILETIME* : 2025年12月27日, 23:28:56
*FILESIZE* : 15264 (0x003BA0)
*CODESIZE* : 5422 (0x00152E)
*CHECKSUM* : 0x00072A54
*ISPMODE* : 2
*ISPRESULT* : 0
--------------------
[2025-12-27 23:29:00] : End
--------------------------------------------------
[2025-12-27 23:29:30] : Begin
--------------------
*MCUTYPE* : AI8051U-34K64
*MCUID* : 78B4C9B8018119
*FILENAME* : D:\GraduationProject\STC51\Project\ws2812_driver\Output\ws2812_driver.hex
*FILETIME* : 2025年12月27日, 23:29:29
*FILESIZE* : 15295 (0x003BBF)
*CODESIZE* : 5431 (0x001537)
*CHECKSUM* : 0x00072A89
*ISPMODE* : 2
*ISPRESULT* : 0
--------------------
[2025-12-27 23:29:32] : End
--------------------------------------------------
[2025-12-27 23:29:50] : Begin
--------------------
*MCUTYPE* : AI8051U-34K64
*MCUID* : 78B4C9B8018119
*FILENAME* : D:\GraduationProject\STC51\Project\ws2812_driver\Output\ws2812_driver.hex
*FILETIME* : 2025年12月27日, 23:29:48
*FILESIZE* : 15295 (0x003BBF)
*CODESIZE* : 5431 (0x001537)
*CHECKSUM* : 0x00072A91
*ISPMODE* : 2
*ISPRESULT* : 0
--------------------
[2025-12-27 23:29:53] : End
--------------------------------------------------
[2025-12-27 23:30:08] : Begin
--------------------
*MCUTYPE* : AI8051U-34K64
*MCUID* : 78B4C9B8018119
*FILENAME* : D:\GraduationProject\STC51\Project\ws2812_driver\Output\ws2812_driver.hex
*FILETIME* : 2025年12月27日, 23:30:06
*FILESIZE* : 15295 (0x003BBF)
*CODESIZE* : 5431 (0x001537)
*CHECKSUM* : 0x00072AA1
*ISPMODE* : 2
*ISPRESULT* : 0
--------------------
[2025-12-27 23:30:11] : End
--------------------------------------------------
[2025-12-27 23:40:45] : Begin
--------------------
*MCUTYPE* : AI8051U-34K64
*MCUID* : 78B4C9B8018119
*FILENAME* : D:\GraduationProject\STC51\Project\ws2812_driver\Output\ws2812_driver.hex
*FILETIME* : 2025年12月27日, 23:40:44
*FILESIZE* : 15295 (0x003BBF)
*CODESIZE* : 5431 (0x001537)
*CHECKSUM* : 0x00072A01
*ISPMODE* : 2
*ISPRESULT* : 0
--------------------
[2025-12-27 23:40:48] : End
--------------------------------------------------
[2025-12-27 23:41:02] : Begin
--------------------
*MCUTYPE* : AI8051U-34K64
*MCUID* : 78B4C9B8018119
*FILENAME* : D:\GraduationProject\STC51\Project\ws2812_driver\Output\ws2812_driver.hex
*FILETIME* : 2025年12月27日, 23:41:01
*FILESIZE* : 15295 (0x003BBF)
*CODESIZE* : 5431 (0x001537)
*CHECKSUM* : 0x000729A1
*ISPMODE* : 2
*ISPRESULT* : 0
--------------------
[2025-12-27 23:41:05] : End
--------------------------------------------------
[2025-12-27 23:41:15] : Begin
--------------------
*MCUTYPE* : AI8051U-34K64
*MCUID* : 78B4C9B8018119
*FILENAME* : D:\GraduationProject\STC51\Project\ws2812_driver\Output\ws2812_driver.hex
*FILETIME* : 2025年12月27日, 23:41:14
*FILESIZE* : 15295 (0x003BBF)
*CODESIZE* : 5431 (0x001537)
*CHECKSUM* : 0x00072A01
*ISPMODE* : 2
*ISPRESULT* : 0
--------------------
[2025-12-27 23:41:18] : End
--------------------------------------------------
[2025-12-27 23:44:06] : Begin
--------------------
*MCUTYPE* : AI8051U-34K64
*MCUID* : 78B4C9B8018119
*FILENAME* : D:\GraduationProject\STC51\Project\ws2812_driver\Output\ws2812_driver.hex
*FILETIME* : 2025年12月27日, 23:44:04
*FILESIZE* : 15295 (0x003BBF)
*CODESIZE* : 5431 (0x001537)
*CHECKSUM* : 0x00072AC1
*ISPMODE* : 2
*ISPRESULT* : 0
--------------------
[2025-12-27 23:44:08] : End
--------------------------------------------------
[2025-12-27 23:45:32] : Begin
--------------------
*MCUTYPE* : AI8051U-34K64
*MCUID* : 78B4C9B8018119
*FILENAME* : D:\GraduationProject\STC51\Project\ws2812_driver\Output\ws2812_driver.hex
*FILETIME* : 2025年12月27日, 23:45:30
*FILESIZE* : 15295 (0x003BBF)
*CODESIZE* : 5431 (0x001537)
*CHECKSUM* : 0x000729A1
*ISPMODE* : 2
*ISPRESULT* : 0
--------------------
[2025-12-27 23:45:34] : End
--------------------------------------------------
[2025-12-27 23:45:45] : Begin
--------------------
*MCUTYPE* : AI8051U-34K64
*MCUID* : 78B4C9B8018119
*FILENAME* : D:\GraduationProject\STC51\Project\ws2812_driver\Output\ws2812_driver.hex
*FILETIME* : 2025年12月27日, 23:45:43
*FILESIZE* : 15295 (0x003BBF)
*CODESIZE* : 5431 (0x001537)
*CHECKSUM* : 0x00072A01
*ISPMODE* : 2
*ISPRESULT* : 0
--------------------
[2025-12-27 23:45:47] : End
--------------------------------------------------
[2025-12-27 23:58:04] : Begin
--------------------
*MCUTYPE* : AI8051U-34K64
*MCUID* : 78B4C9B8018119
*FILENAME* : D:\GraduationProject\STC51\Project\ws2812_driver\Output\ws2812_driver.hex
*FILETIME* : 2025年12月27日, 23:58:02
*FILESIZE* : 15434 (0x003C4A)
*CODESIZE* : 5481 (0x001569)
*CHECKSUM* : 0x00074EF3
*ISPMODE* : 2
*ISPRESULT* : 0
--------------------
[2025-12-27 23:58:06] : End
--------------------------------------------------
[2025-12-27 23:59:52] : Begin
--------------------
*MCUTYPE* : AI8051U-34K64
*MCUID* : 78B4C9B8018119
*FILENAME* : D:\GraduationProject\STC51\Project\ws2812_driver\Output\ws2812_driver.hex
*FILETIME* : 2025年12月27日, 23:59:51
*FILESIZE* : 15358 (0x003BFE)
*CODESIZE* : 5456 (0x001550)
*CHECKSUM* : 0x00073DB9
*ISPMODE* : 2
*ISPRESULT* : 0
--------------------
[2025-12-27 23:59:54] : End
--------------------------------------------------
