[2025-12-28 00:00:07] : Begin
--------------------
*MCUTYPE* : AI8051U-34K64
*MCUID* : 78B4C9B8018119
*FILENAME* : D:\GraduationProject\STC51\Project\ws2812_driver\Output\ws2812_driver.hex
*FILETIME* : 2025年12月28日, 00:00:05
*FILESIZE* : 15434 (0x003C4A)
*CODESIZE* : 5481 (0x001569)
*CHECKSUM* : 0x00074EF3
*ISPMODE* : 2
*ISPRESULT* : 0
--------------------
[2025-12-28 00:00:09] : End
--------------------------------------------------
[2025-12-28 00:01:13] : Begin
--------------------
*MCUTYPE* : AI8051U-34K64
*MCUID* : 78B4C9B8018119
*FILENAME* : D:\GraduationProject\STC51\Project\ws2812_driver\Output\ws2812_driver.hex
*FILETIME* : 2025年12月28日, 00:01:12
*FILESIZE* : 15424 (0x003C40)
*CODESIZE* : 5476 (0x001564)
*CHECKSUM* : 0x00074E12
*ISPMODE* : 2
*ISPRESULT* : 0
--------------------
[2025-12-28 00:01:15] : End
--------------------------------------------------
[2025-12-28 00:02:23] : Begin
--------------------
*MCUTYPE* : AI8051U-34K64
*MCUID* : 78B4C9B8018119
*FILENAME* : D:\GraduationProject\STC51\Project\ws2812_driver\Output\ws2812_driver.hex
*FILETIME* : 2025年12月28日, 00:02:21
*FILESIZE* : 15426 (0x003C42)
*CODESIZE* : 5477 (0x001565)
*CHECKSUM* : 0x00074ED2
*ISPMODE* : 2
*ISPRESULT* : 0
--------------------
[2025-12-28 00:02:25] : End
--------------------------------------------------
[2025-12-28 00:03:06] : Begin
--------------------
*MCUTYPE* : AI8051U-34K64
*MCUID* : 78B4C9B8018119
*FILENAME* : D:\GraduationProject\STC51\Project\ws2812_driver\Output\ws2812_driver.hex
*FILETIME* : 2025年12月28日, 00:03:05
*FILESIZE* : 15422 (0x003C3E)
*CODESIZE* : 5475 (0x001563)
*CHECKSUM* : 0x00074CF5
*ISPMODE* : 2
*ISPRESULT* : 0
--------------------
[2025-12-28 00:03:08] : End
--------------------------------------------------
[2025-12-28 00:03:28] : Begin
--------------------
*MCUTYPE* : AI8051U-34K64
*MCUID* : 78B4C9B8018119
*FILENAME* : D:\GraduationProject\STC51\Project\ws2812_driver\Output\ws2812_driver.hex
*FILETIME* : 2025年12月28日, 00:03:27
*FILESIZE* : 15422 (0x003C3E)
*CODESIZE* : 5475 (0x001563)
*CHECKSUM* : 0x00074C9B
*ISPMODE* : 2
*ISPRESULT* : 0
--------------------
[2025-12-28 00:03:30] : End
--------------------------------------------------
[2025-12-28 00:03:52] : Begin
--------------------
*MCUTYPE* : AI8051U-34K64
*MCUID* : 78B4C9B8018119
*FILENAME* : D:\GraduationProject\STC51\Project\ws2812_driver\Output\ws2812_driver.hex
*FILETIME* : 2025年12月28日, 00:03:51
*FILESIZE* : 15436 (0x003C4C)
*CODESIZE* : 5482 (0x00156A)
*CHECKSUM* : 0x00075152
*ISPMODE* : 2
*ISPRESULT* : 0
--------------------
[2025-12-28 00:03:55] : End
--------------------------------------------------
[2025-12-28 00:04:43] : Begin
--------------------
*MCUTYPE* : AI8051U-34K64
*MCUID* : 78B4C9B8018119
*FILENAME* : D:\GraduationProject\STC51\Project\ws2812_driver\Output\ws2812_driver.hex
*FILETIME* : 2025年12月28日, 00:04:42
*FILESIZE* : 15436 (0x003C4C)
*CODESIZE* : 5482 (0x00156A)
*CHECKSUM* : 0x00075152
*ISPMODE* : 2
*ISPRESULT* : 0
--------------------
[2025-12-28 00:04:46] : End
--------------------------------------------------
[2025-12-28 00:05:18] : Begin
--------------------
*MCUTYPE* : AI8051U-34K64
*MCUID* : 78B4C9B8018119
*FILENAME* : D:\GraduationProject\STC51\Project\ws2812_driver\Output\ws2812_driver.hex
*FILETIME* : 2025年12月28日, 00:05:17
*FILESIZE* : 15440 (0x003C50)
*CODESIZE* : 5484 (0x00156C)
*CHECKSUM* : 0x00075225
*ISPMODE* : 2
*ISPRESULT* : 0
--------------------
[2025-12-28 00:05:21] : End
--------------------------------------------------
[2025-12-28 00:05:34] : Begin
--------------------
*MCUTYPE* : AI8051U-34K64
*MCUID* : 78B4C9B8018119
*FILENAME* : D:\GraduationProject\STC51\Project\ws2812_driver\Output\ws2812_driver.hex
*FILETIME* : 2025年12月28日, 00:05:33
*FILESIZE* : 15426 (0x003C42)
*CODESIZE* : 5477 (0x001565)
*CHECKSUM* : 0x00074DBF
*ISPMODE* : 2
*ISPRESULT* : 0
--------------------
[2025-12-28 00:05:37] : End
--------------------------------------------------
[2025-12-28 00:05:49] : Begin
--------------------
*MCUTYPE* : AI8051U-34K64
*MCUID* : 78B4C9B8018119
*FILENAME* : D:\GraduationProject\STC51\Project\ws2812_driver\Output\ws2812_driver.hex
*FILETIME* : 2025年12月28日, 00:05:47
*FILESIZE* : 15426 (0x003C42)
*CODESIZE* : 5477 (0x001565)
*CHECKSUM* : 0x00074D65
*ISPMODE* : 2
*ISPRESULT* : 0
--------------------
[2025-12-28 00:05:52] : End
--------------------------------------------------
[2025-12-28 00:06:51] : Begin
--------------------
*MCUTYPE* : AI8051U-34K64
*MCUID* : 78B4C9B8018119
*FILENAME* : D:\GraduationProject\STC51\Project\ws2812_driver\Output\ws2812_driver.hex
*FILETIME* : 2025年12月28日, 00:06:49
*FILESIZE* : 15397 (0x003C25)
*CODESIZE* : 5469 (0x00155D)
*CHECKSUM* : 0x000746F1
*ISPMODE* : 2
*ISPRESULT* : 0
--------------------
[2025-12-28 00:06:53] : End
--------------------------------------------------
[2025-12-28 00:11:33] : Begin
--------------------
*MCUTYPE* : AI8051U-34K64
*MCUID* : 78B4C9B8018119
*FILENAME* : D:\GraduationProject\STC51\Project\ws2812_driver\Output\ws2812_driver.hex
*FILETIME* : 2025年12月28日, 00:11:31
*FILESIZE* : 15397 (0x003C25)
*CODESIZE* : 5469 (0x00155D)
*CHECKSUM* : 0x000746F2
*ISPMODE* : 2
*ISPRESULT* : 0
--------------------
[2025-12-28 00:11:35] : End
--------------------------------------------------
[2025-12-28 00:14:04] : Begin
--------------------
*MCUTYPE* : AI8051U-34K64
*MCUID* : 78B4C9B8018119
*FILENAME* : D:\GraduationProject\STC51\Project\ws2812_driver\Output\ws2812_driver.hex
*FILETIME* : 2025年12月28日, 00:14:02
*FILESIZE* : 15399 (0x003C27)
*CODESIZE* : 5470 (0x00155E)
*CHECKSUM* : 0x000747B1
*ISPMODE* : 2
*ISPRESULT* : 0
--------------------
[2025-12-28 00:14:06] : End
--------------------------------------------------
[2025-12-28 00:15:15] : Begin
--------------------
*MCUTYPE* : AI8051U-34K64
*MCUID* : 78B4C9B8018119
*FILENAME* : D:\GraduationProject\STC51\Project\ws2812_driver\Output\ws2812_driver.hex
*FILETIME* : 2025年12月28日, 00:15:13
*FILESIZE* : 15397 (0x003C25)
*CODESIZE* : 5469 (0x00155D)
*CHECKSUM* : 0x000746F2
*ISPMODE* : 2
*ISPRESULT* : 0
--------------------
[2025-12-28 00:15:17] : End
--------------------------------------------------
[2025-12-28 00:15:29] : Begin
--------------------
*MCUTYPE* : AI8051U-34K64
*MCUID* : 78B4C9B8018119
*FILENAME* : D:\GraduationProject\STC51\Project\ws2812_driver\Output\ws2812_driver.hex
*FILETIME* : 2025年12月28日, 00:15:27
*FILESIZE* : 15399 (0x003C27)
*CODESIZE* : 5470 (0x00155E)
*CHECKSUM* : 0x000747AF
*ISPMODE* : 2
*ISPRESULT* : 0
--------------------
[2025-12-28 00:15:31] : End
--------------------------------------------------
[2025-12-28 00:16:36] : Begin
--------------------
*MCUTYPE* : AI8051U-34K64
*MCUID* : 78B4C9B8018119
*FILENAME* : D:\GraduationProject\STC51\Project\ws2812_driver\Output\ws2812_driver.hex
*FILETIME* : 2025年12月28日, 00:16:34
*FILESIZE* : 15403 (0x003C2B)
*CODESIZE* : 5472 (0x001560)
*CHECKSUM* : 0x00074939
*ISPMODE* : 2
*ISPRESULT* : 0
--------------------
[2025-12-28 00:16:38] : End
--------------------------------------------------
[2025-12-28 00:17:39] : Begin
--------------------
*MCUTYPE* : AI8051U-34K64
*MCUID* : 78B4C9B8018119
*FILENAME* : D:\GraduationProject\STC51\Project\ws2812_driver\Output\ws2812_driver.hex
*FILETIME* : 2025年12月28日, 00:17:37
*FILESIZE* : 15420 (0x003C3C)
*CODESIZE* : 5474 (0x001562)
*CHECKSUM* : 0x00074ACD
*ISPMODE* : 2
*ISPRESULT* : 0
--------------------
[2025-12-28 00:17:42] : End
--------------------------------------------------
[2025-12-28 00:18:18] : Begin
--------------------
*MCUTYPE* : AI8051U-34K64
*MCUID* : 78B4C9B8018119
*FILENAME* : D:\GraduationProject\STC51\Project\ws2812_driver\Output\ws2812_driver.hex
*FILETIME* : 2025年12月28日, 00:18:16
*FILESIZE* : 15401 (0x003C29)
*CODESIZE* : 5471 (0x00155F)
*CHECKSUM* : 0x000748CD
*ISPMODE* : 2
*ISPRESULT* : 0
--------------------
[2025-12-28 00:18:21] : End
--------------------------------------------------
[2025-12-28 00:20:28] : Begin
--------------------
*MCUTYPE* : AI8051U-34K64
*MCUID* : 78B4C9B8018119
*FILENAME* : D:\GraduationProject\STC51\Project\ws2812_driver\Output\ws2812_driver.hex
*FILETIME* : 2025年12月28日, 00:20:27
*FILESIZE* : 15418 (0x003C3A)
*CODESIZE* : 5473 (0x001561)
*CHECKSUM* : 0x00074A57
*ISPMODE* : 2
*ISPRESULT* : 0
--------------------
[2025-12-28 00:20:31] : End
--------------------------------------------------
[2025-12-28 00:44:07] : Begin
--------------------
*MCUTYPE* : AI8051U-34K64
*MCUID* : 78B4C9B8018119
*FILENAME* : D:\GraduationProject\STC51\Project\ws2812_driver\Output\ws2812_driver.hex
*FILETIME* : 2025年12月28日, 00:44:05
*FILESIZE* : 17279 (0x00437F)
*CODESIZE* : 6137 (0x0017F9)
*CHECKSUM* : 0x0007D8B5
*ISPMODE* : 2
*ISPRESULT* : 0
--------------------
[2025-12-28 00:44:09] : End
--------------------------------------------------
[2025-12-28 00:56:44] : Begin
--------------------
*MCUTYPE* : AI8051U-34K64
*MCUID* : 78B4C9B8018119
*FILENAME* : D:\GraduationProject\STC51\Project\ws2812_driver\Output\ws2812_driver.hex
*FILETIME* : 2025年12月28日, 00:56:42
*FILESIZE* : 17068 (0x0042AC)
*CODESIZE* : 6064 (0x0017B0)
*CHECKSUM* : 0x0007B205
*ISPMODE* : 2
*ISPRESULT* : 0
--------------------
[2025-12-28 00:56:47] : End
--------------------------------------------------
[2025-12-28 00:59:21] : Begin
--------------------
*MCUTYPE* : AI8051U-34K64
*MCUID* : 78B4C9B8018119
*FILENAME* : D:\GraduationProject\STC51\Project\ws2812_driver\Output\ws2812_driver.hex
*FILETIME* : 2025年12月28日, 00:59:20
*FILESIZE* : 17091 (0x0042C3)
*CODESIZE* : 6069 (0x0017B5)
*CHECKSUM* : 0x0007B83A
*ISPMODE* : 2
*ISPRESULT* : 0
--------------------
[2025-12-28 00:59:23] : End
--------------------------------------------------
[2025-12-28 00:59:47] : Begin
--------------------
*MCUTYPE* : AI8051U-34K64
*MCUID* : 78B4C9B8018119
*FILENAME* : D:\GraduationProject\STC51\Project\ws2812_driver\Output\ws2812_driver.hex
*FILETIME* : 2025年12月28日, 00:59:45
*FILESIZE* : 17091 (0x0042C3)
*CODESIZE* : 6069 (0x0017B5)
*CHECKSUM* : 0x0007B87A
*ISPMODE* : 2
*ISPRESULT* : 0
--------------------
[2025-12-28 00:59:49] : End
--------------------------------------------------
[2025-12-28 01:01:47] : Begin
--------------------
*MCUTYPE* : AI8051U-34K64
*MCUID* : 78B4C9B8018119
*FILENAME* : D:\GraduationProject\STC51\Project\ws2812_driver\Output\ws2812_driver.hex
*FILETIME* : 2025年12月28日, 01:01:46
*FILESIZE* : 17150 (0x0042FE)
*CODESIZE* : 6092 (0x0017CC)
*CHECKSUM* : 0x0007CBD4
*ISPMODE* : 2
*ISPRESULT* : 0
--------------------
[2025-12-28 01:01:50] : End
--------------------------------------------------
[2025-12-28 01:03:06] : Begin
--------------------
*MCUTYPE* : AI8051U-34K64
*MCUID* : 78B4C9B8018119
*FILENAME* : D:\GraduationProject\STC51\Project\ws2812_driver\Output\ws2812_driver.hex
*FILETIME* : 2025年12月28日, 01:03:04
*FILESIZE* : 17136 (0x0042F0)
*CODESIZE* : 6085 (0x0017C5)
*CHECKSUM* : 0x0007C67B
*ISPMODE* : 2
*ISPRESULT* : 0
--------------------
[2025-12-28 01:03:08] : End
--------------------------------------------------
[2025-12-28 01:11:40] : Begin
--------------------
*MCUTYPE* : AI8051U-34K64
*MCUID* : 78B4C9B8018119
*FILENAME* : D:\GraduationProject\STC51\Project\ws2812_driver\Output\ws2812_driver.hex
*FILETIME* : 2025年12月28日, 01:11:39
*FILESIZE* : 17314 (0x0043A2)
*CODESIZE* : 6148 (0x001804)
*CHECKSUM* : 0x0007DC57
*ISPMODE* : 2
*ISPRESULT* : 0
--------------------
[2025-12-28 01:11:43] : End
--------------------------------------------------
[2025-12-28 01:12:29] : Begin
--------------------
*MCUTYPE* : AI8051U-34K64
*MCUID* : 78B4C9B8018119
*FILENAME* : D:\GraduationProject\STC51\Project\ws2812_driver\Output\ws2812_driver.hex
*FILETIME* : 2025年12月28日, 01:12:28
*FILESIZE* : 17283 (0x004383)
*CODESIZE* : 6139 (0x0017FB)
*CHECKSUM* : 0x0007D69B
*ISPMODE* : 2
*ISPRESULT* : 0
--------------------
[2025-12-28 01:12:32] : End
--------------------------------------------------
[2025-12-28 01:14:13] : Begin
--------------------
*MCUTYPE* : AI8051U-34K64
*MCUID* : 78B4C9B8018119
*FILENAME* : D:\GraduationProject\STC51\Project\ws2812_driver\Output\ws2812_driver.hex
*FILETIME* : 2025年12月28日, 01:14:11
*FILESIZE* : 17283 (0x004383)
*CODESIZE* : 6139 (0x0017FB)
*CHECKSUM* : 0x0007D6CD
*ISPMODE* : 2
*ISPRESULT* : 0
--------------------
[2025-12-28 01:14:15] : End
--------------------------------------------------
[2025-12-28 01:14:34] : Begin
--------------------
*MCUTYPE* : AI8051U-34K64
*MCUID* : 78B4C9B8018119
*FILENAME* : D:\GraduationProject\STC51\Project\ws2812_driver\Output\ws2812_driver.hex
*FILETIME* : 2025年12月28日, 01:14:32
*FILESIZE* : 17267 (0x004373)
*CODESIZE* : 6131 (0x0017F3)
*CHECKSUM* : 0x0007D280
*ISPMODE* : 2
*ISPRESULT* : 0
--------------------
[2025-12-28 01:14:36] : End
--------------------------------------------------
[2025-12-28 01:16:39] : Begin
--------------------
*MCUTYPE* : AI8051U-34K64
*MCUID* : 78B4C9B8018119
*FILENAME* : D:\GraduationProject\STC51\Project\ws2812_driver\Output\ws2812_driver.hex
*FILETIME* : 2025年12月28日, 01:16:38
*FILESIZE* : 17353 (0x0043C9)
*CODESIZE* : 6161 (0x001811)
*CHECKSUM* : 0x0007E357
*ISPMODE* : 2
*ISPRESULT* : 0
--------------------
[2025-12-28 01:16:41] : End
--------------------------------------------------
[2025-12-28 01:16:57] : Begin
--------------------
*MCUTYPE* : AI8051U-34K64
*MCUID* : 78B4C9B8018119
*FILENAME* : D:\GraduationProject\STC51\Project\ws2812_driver\Output\ws2812_driver.hex
*FILETIME* : 2025年12月28日, 01:16:55
*FILESIZE* : 17353 (0x0043C9)
*CODESIZE* : 6161 (0x001811)
*CHECKSUM* : 0x0007E3ED
*ISPMODE* : 2
*ISPRESULT* : 0
--------------------
[2025-12-28 01:16:59] : End
--------------------------------------------------
[2025-12-28 01:17:42] : Begin
--------------------
*MCUTYPE* : AI8051U-34K64
*MCUID* : 78B4C9B8018119
*FILENAME* : D:\GraduationProject\STC51\Project\ws2812_driver\Output\ws2812_driver.hex
*FILETIME* : 2025年12月28日, 01:17:41
*FILESIZE* : 17357 (0x0043CD)
*CODESIZE* : 6163 (0x001813)
*CHECKSUM* : 0x0007E157
*ISPMODE* : 2
*ISPRESULT* : 0
--------------------
[2025-12-28 01:17:45] : End
--------------------------------------------------
[2025-12-28 01:20:30] : Begin
--------------------
*MCUTYPE* : AI8051U-34K64
*MCUID* : 78B4C9B8018119
*FILENAME* : D:\GraduationProject\STC51\Project\ws2812_driver\Output\ws2812_driver.hex
*FILETIME* : 2025年12月28日, 01:20:29
*FILESIZE* : 17353 (0x0043C9)
*CODESIZE* : 6161 (0x001811)
*CHECKSUM* : 0x0007DEDB
*ISPMODE* : 2
*ISPRESULT* : 0
--------------------
[2025-12-28 01:20:32] : End
--------------------------------------------------
[2025-12-28 01:21:11] : Begin
--------------------
*MCUTYPE* : AI8051U-34K64
*MCUID* : 78B4C9B8018119
*FILENAME* : D:\GraduationProject\STC51\Project\ws2812_driver\Output\ws2812_driver.hex
*FILETIME* : 2025年12月28日, 01:21:09
*FILESIZE* : 17357 (0x0043CD)
*CODESIZE* : 6163 (0x001813)
*CHECKSUM* : 0x0007E157
*ISPMODE* : 2
*ISPRESULT* : 0
--------------------
[2025-12-28 01:21:14] : End
--------------------------------------------------
[2025-12-28 01:21:32] : Begin
--------------------
*MCUTYPE* : AI8051U-34K64
*MCUID* : 78B4C9B8018119
*FILENAME* : D:\GraduationProject\STC51\Project\ws2812_driver\Output\ws2812_driver.hex
*FILETIME* : 2025年12月28日, 01:21:31
*FILESIZE* : 17361 (0x0043D1)
*CODESIZE* : 6165 (0x001815)
*CHECKSUM* : 0x0007E218
*ISPMODE* : 2
*ISPRESULT* : 0
--------------------
[2025-12-28 01:21:35] : End
--------------------------------------------------
[2025-12-28 01:22:00] : Begin
--------------------
*MCUTYPE* : AI8051U-34K64
*MCUID* : 78B4C9B8018119
*FILENAME* : D:\GraduationProject\STC51\Project\ws2812_driver\Output\ws2812_driver.hex
*FILETIME* : 2025年12月28日, 01:21:58
*FILESIZE* : 17218 (0x004342)
*CODESIZE* : 6113 (0x0017E1)
*CHECKSUM* : 0x0007D5FB
*ISPMODE* : 2
*ISPRESULT* : 0
--------------------
[2025-12-28 01:22:03] : End
--------------------------------------------------
[2025-12-28 01:24:48] : Begin
--------------------
*MCUTYPE* : AI8051U-34K64
*MCUID* : 78B4C9B8018119
*FILENAME* : D:\GraduationProject\STC51\Project\ws2812_driver\Output\ws2812_driver.hex
*FILETIME* : 2025年12月28日, 01:24:47
*FILESIZE* : 17218 (0x004342)
*CODESIZE* : 6113 (0x0017E1)
*CHECKSUM* : 0x0007D5FB
*ISPMODE* : 2
*ISPRESULT* : 0
--------------------
[2025-12-28 01:24:50] : End
--------------------------------------------------
[2025-12-28 01:26:34] : Begin
--------------------
*MCUTYPE* : AI8051U-34K64
*MCUID* : 78B4C9B8018119
*FILENAME* : D:\GraduationProject\STC51\Project\ws2812_driver\Output\ws2812_driver.hex
*FILETIME* : 2025年12月28日, 01:26:32
*FILESIZE* : 17203 (0x004333)
*CODESIZE* : 6112 (0x0017E0)
*CHECKSUM* : 0x0007D587
*ISPMODE* : 2
*ISPRESULT* : 0
--------------------
[2025-12-28 01:26:36] : End
--------------------------------------------------
[2025-12-28 01:30:46] : Begin
--------------------
*MCUTYPE* : AI8051U-34K64
*MCUID* : 78B4C9B8018119
*FILENAME* : D:\GraduationProject\STC51\Project\ws2812_driver\Output\ws2812_driver.hex
*FILETIME* : 2025年12月28日, 01:30:44
*FILESIZE* : 17181 (0x00431D)
*CODESIZE* : 6101 (0x0017D5)
*CHECKSUM* : 0x0007CDE7
*ISPMODE* : 2
*ISPRESULT* : 0
--------------------
[2025-12-28 01:30:48] : End
--------------------------------------------------
[2025-12-28 01:35:51] : Begin
--------------------
*MCUTYPE* : AI8051U-34K64
*MCUID* : 78B4C9B8018119
*FILENAME* : D:\GraduationProject\STC51\Project\ws2812_driver\Output\ws2812_driver.hex
*FILETIME* : 2025年12月28日, 01:35:49
*FILESIZE* : 17193 (0x004329)
*CODESIZE* : 6107 (0x0017DB)
*CHECKSUM* : 0x0007CE47
*ISPMODE* : 2
*ISPRESULT* : 0
--------------------
[2025-12-28 01:35:53] : End
--------------------------------------------------
[2025-12-28 01:36:26] : Begin
--------------------
*MCUTYPE* : AI8051U-34K64
*MCUID* : 78B4C9B8018119
*FILENAME* : D:\GraduationProject\STC51\Project\ws2812_driver\Output\ws2812_driver.hex
*FILETIME* : 2025年12月28日, 01:36:25
*FILESIZE* : 17181 (0x00431D)
*CODESIZE* : 6101 (0x0017D5)
*CHECKSUM* : 0x0007CC60
*ISPMODE* : 2
*ISPRESULT* : 0
--------------------
[2025-12-28 01:36:29] : End
--------------------------------------------------
[2025-12-28 01:36:43] : Begin
--------------------
*MCUTYPE* : AI8051U-34K64
*MCUID* : 78B4C9B8018119
*FILENAME* : D:\GraduationProject\STC51\Project\ws2812_driver\Output\ws2812_driver.hex
*FILETIME* : 2025年12月28日, 01:36:42
*FILESIZE* : 17179 (0x00431B)
*CODESIZE* : 6100 (0x0017D4)
*CHECKSUM* : 0x0007CB3A
*ISPMODE* : 2
*ISPRESULT* : 0
--------------------
[2025-12-28 01:36:46] : End
--------------------------------------------------
[2025-12-28 01:36:51] : Begin
--------------------
*MCUTYPE* : AI8051U-34K64
*MCUID* : 78B4C9B8018119
*FILENAME* : D:\GraduationProject\STC51\Project\ws2812_driver\Output\ws2812_driver.hex
*FILETIME* : 2025年12月28日, 01:36:50
*FILESIZE* : 17177 (0x004319)
*CODESIZE* : 6099 (0x0017D3)
*CHECKSUM* : 0x0007CAD1
*ISPMODE* : 2
*ISPRESULT* : 0
--------------------
[2025-12-28 01:36:54] : End
--------------------------------------------------
[2025-12-28 01:37:00] : Begin
--------------------
*MCUTYPE* : AI8051U-34K64
*MCUID* : 78B4C9B8018119
*FILENAME* : D:\GraduationProject\STC51\Project\ws2812_driver\Output\ws2812_driver.hex
*FILETIME* : 2025年12月28日, 01:36:59
*FILESIZE* : 17173 (0x004315)
*CODESIZE* : 6097 (0x0017D1)
*CHECKSUM* : 0x0007CABD
*ISPMODE* : 2
*ISPRESULT* : 0
--------------------
[2025-12-28 01:37:03] : End
--------------------------------------------------
[2025-12-28 01:37:07] : Begin
--------------------
*MCUTYPE* : AI8051U-34K64
*MCUID* : 78B4C9B8018119
*FILENAME* : D:\GraduationProject\STC51\Project\ws2812_driver\Output\ws2812_driver.hex
*FILETIME* : 2025年12月28日, 01:37:06
*FILESIZE* : 17156 (0x004304)
*CODESIZE* : 6095 (0x0017CF)
*CHECKSUM* : 0x0007C63B
*ISPMODE* : 2
*ISPRESULT* : 0
--------------------
[2025-12-28 01:37:10] : End
--------------------------------------------------
[2025-12-28 01:52:13] : Begin
--------------------
*MCUTYPE* : AI8051U-34K64
*MCUID* : 78B4C9B8018119
*FILENAME* : D:\GraduationProject\STC51\Project\ws2812_driver\Output\ws2812_driver.hex
*FILETIME* : 2025年12月28日, 01:52:13
*FILESIZE* : 17320 (0x0043A8)
*CODESIZE* : 6151 (0x001807)
*CHECKSUM* : 0x000776EA
*ISPMODE* : 2
*ISPRESULT* : 0
--------------------
[2025-12-28 01:52:16] : End
--------------------------------------------------
