[2025-12-13 22:32:42] : Begin
--------------------
*MCUTYPE* : AI8051U-34K64
*MCUID* : 78B4C90D05C956
*FILENAME* : D:\GraduationProject\STC51\Project\ws2812_driver\Output\ws2812_driver.hex
*FILETIME* : 2025年12月13日, 22:31:40
*FILESIZE* : 14698 (0x00396A)
*CODESIZE* : 5217 (0x001461)
*CHECKSUM* : 0x0006E6F2
*ISPMODE* : 2
*ISPRESULT* : 0
--------------------
[2025-12-13 22:32:44] : End
--------------------------------------------------
[2025-12-13 22:33:12] : Begin
--------------------
*MCUTYPE* : AI8051U-34K64
*MCUID* : 78B4C90D05C956
*FILENAME* : D:\GraduationProject\STC51\Project\ws2812_driver\Output\ws2812_driver.hex
*FILETIME* : 2025年12月13日, 22:31:40
*FILESIZE* : 14698 (0x00396A)
*CODESIZE* : 5217 (0x001461)
*CHECKSUM* : 0x0006E6F2
*ISPMODE* : 2
*ISPRESULT* : 0
--------------------
[2025-12-13 22:33:14] : End
--------------------------------------------------
[2025-12-13 22:33:52] : Begin
--------------------
*MCUTYPE* : AI8051U-34K64
*MCUID* : 78B4C90D05C956
*FILENAME* : D:\GraduationProject\STC51\Project\ws2812_driver\Output\ws2812_driver.hex
*FILETIME* : 2025年12月13日, 22:31:40
*FILESIZE* : 14698 (0x00396A)
*CODESIZE* : 5217 (0x001461)
*CHECKSUM* : 0x0006E6F2
*ISPMODE* : 2
*ISPRESULT* : 0
--------------------
[2025-12-13 22:33:54] : End
--------------------------------------------------
[2025-12-13 22:38:16] : Begin
--------------------
*MCUTYPE* : AI8051U-34K64
*MCUID* : 78B4C90D05C956
*FILENAME* : D:\GraduationProject\STC51\Project\ws2812_driver\Output\ws2812_driver.hex
*FILETIME* : 2025年12月13日, 22:38:07
*FILESIZE* : 14698 (0x00396A)
*CODESIZE* : 5217 (0x001461)
*CHECKSUM* : 0x0006E6F2
*ISPMODE* : 2
*ISPRESULT* : 0
--------------------
[2025-12-13 22:38:18] : End
--------------------------------------------------
[2025-12-13 22:38:21] : Begin
--------------------
*MCUTYPE* : AI8051U-34K64
*MCUID* : 78B4C90D05C956
*FILENAME* : D:\GraduationProject\STC51\Project\ws2812_driver\Output\ws2812_driver.hex
*FILETIME* : 2025年12月13日, 22:38:07
*FILESIZE* : 14698 (0x00396A)
*CODESIZE* : 5217 (0x001461)
*CHECKSUM* : 0x0006E6F2
*ISPMODE* : 2
*ISPRESULT* : 0
--------------------
[2025-12-13 22:38:23] : End
--------------------------------------------------
