[2026-02-16 00:00:58] : Begin
--------------------
*MCUTYPE* : AI8051U-34K64
*MCUID* : 78B4C9B8018119
*FILENAME* : H:\STC\test\test1\Objects\test1.hex
*FILETIME* : 2026年02月16日, 00:00:56
*FILESIZE* : 15567 (0x003CCF)
*CODESIZE* : 5528 (0x001598)
*CHECKSUM* : 0x00076F6A
*ISPMODE* : 2
*ISPRESULT* : 0
--------------------
[2026-02-16 00:01:01] : End
--------------------------------------------------
[2026-02-16 00:05:00] : Begin
--------------------
*MCUTYPE* : AI8051U-34K64
*MCUID* : 78B4C9B8018119
*FILENAME* : H:\GraduationProject\STC51\Project\ws2812_driver\Objects\ws2812_driver.hex
*FILETIME* : 2026年02月16日, 00:04:01
*FILESIZE* : 17281 (0x004381)
*CODESIZE* : 6138 (0x0017FA)
*CHECKSUM* : 0x00085FBA
*ISPMODE* : 2
*ISPRESULT* : 0
--------------------
[2026-02-16 00:05:02] : End
--------------------------------------------------
[2026-02-16 00:18:07] : Begin
--------------------
*MCUTYPE* : AI8051U-34K64
*MCUID* : 78B4C9B8018119
*FILENAME* : H:\GraduationProject\STC51\Project\ws2812_driver\Objects\ws2812_driver.hex
*FILETIME* : 2026年02月16日, 00:18:05
*FILESIZE* : 17281 (0x004381)
*CODESIZE* : 6138 (0x0017FA)
*CHECKSUM* : 0x0008604B
*ISPMODE* : 2
*ISPRESULT* : 0
--------------------
[2026-02-16 00:18:09] : End
--------------------------------------------------
[2026-02-16 00:20:26] : Begin
--------------------
*MCUTYPE* : AI8051U-34K64
*MCUID* : 78B4C9B8018119
*FILENAME* : H:\GraduationProject\STC51\Project\ws2812_driver\Objects\ws2812_driver.hex
*FILETIME* : 2026年02月16日, 00:20:24
*FILESIZE* : 17185 (0x004321)
*CODESIZE* : 6103 (0x0017D7)
*CHECKSUM* : 0x00084AA1
*ISPMODE* : 2
*ISPRESULT* : 0
--------------------
[2026-02-16 00:20:28] : End
--------------------------------------------------
[2026-02-16 00:22:38] : Begin
--------------------
*MCUTYPE* : AI8051U-34K64
*MCUID* : 78B4C9B8018119
*FILENAME* : H:\GraduationProject\STC51\Project\ws2812_driver\Objects\ws2812_driver.hex
*FILETIME* : 2026年02月16日, 00:22:36
*FILESIZE* : 17414 (0x004406)
*CODESIZE* : 6185 (0x001829)
*CHECKSUM* : 0x0008551D
*ISPMODE* : 2
*ISPRESULT* : 0
--------------------
[2026-02-16 00:22:40] : End
--------------------------------------------------
[2026-02-16 00:33:03] : Begin
--------------------
*MCUTYPE* : AI8051U-34K64
*MCUID* : 78B4C9B8018119
*FILENAME* : H:\GraduationProject\STC51\Project\ws2812_driver\Objects\ws2812_driver.hex
*FILETIME* : 2026年02月16日, 00:33:01
*FILESIZE* : 17414 (0x004406)
*CODESIZE* : 6185 (0x001829)
*CHECKSUM* : 0x0008545C
*ISPMODE* : 2
*ISPRESULT* : 0
--------------------
[2026-02-16 00:33:05] : End
--------------------------------------------------
[2026-02-16 00:50:12] : Begin
--------------------
*MCUTYPE* : AI8051U-34K64
*MCUID* : 78B4C9B8018119
*FILENAME* : H:\GraduationProject\STC51\Project\ws2812_driver\Objects\ws2812_driver.hex
*FILETIME* : 2026年02月16日, 00:50:11
*FILESIZE* : 17451 (0x00442B)
*CODESIZE* : 6197 (0x001835)
*CHECKSUM* : 0x00085E04
*ISPMODE* : 2
*ISPRESULT* : 0
--------------------
[2026-02-16 00:50:15] : End
--------------------------------------------------
[2026-02-16 00:51:06] : Begin
--------------------
*MCUTYPE* : AI8051U-34K64
*MCUID* : 78B4C9B8018119
*FILENAME* : H:\GraduationProject\STC51\Project\ws2812_driver\Objects\ws2812_driver.hex
*FILETIME* : 2026年02月16日, 00:51:05
*FILESIZE* : 17447 (0x004427)
*CODESIZE* : 6195 (0x001833)
*CHECKSUM* : 0x00085CC7
*ISPMODE* : 2
*ISPRESULT* : 0
--------------------
[2026-02-16 00:51:09] : End
--------------------------------------------------
[2026-02-16 00:52:01] : Begin
--------------------
*MCUTYPE* : AI8051U-34K64
*MCUID* : 78B4C9B8018119
*FILENAME* : H:\GraduationProject\STC51\Project\ws2812_driver\Objects\ws2812_driver.hex
*FILETIME* : 2026年02月16日, 00:51:59
*FILESIZE* : 17414 (0x004406)
*CODESIZE* : 6185 (0x001829)
*CHECKSUM* : 0x0008545C
*ISPMODE* : 2
*ISPRESULT* : 0
--------------------
[2026-02-16 00:52:04] : End
--------------------------------------------------
[2026-02-16 00:55:00] : Begin
--------------------
*MCUTYPE* : AI8051U-34K64
*MCUID* : 78B4C9B8018119
*FILENAME* : H:\GraduationProject\STC51\Project\ws2812_driver\Objects\ws2812_driver.hex
*FILETIME* : 2026年02月16日, 00:54:59
*FILESIZE* : 17510 (0x004466)
*CODESIZE* : 6220 (0x00184C)
*CHECKSUM* : 0x00086333
*ISPMODE* : 2
*ISPRESULT* : 0
--------------------
[2026-02-16 00:55:03] : End
--------------------------------------------------
[2026-02-16 00:58:33] : Begin
--------------------
*MCUTYPE* : AI8051U-34K64
*MCUID* : 78B4C9B8018119
*FILENAME* : H:\GraduationProject\STC51\Project\ws2812_driver\Objects\ws2812_driver.hex
*FILETIME* : 2026年02月16日, 00:58:32
*FILESIZE* : 17556 (0x004494)
*CODESIZE* : 6231 (0x001857)
*CHECKSUM* : 0x000862CC
*ISPMODE* : 2
*ISPRESULT* : 0
--------------------
[2026-02-16 00:58:36] : End
--------------------------------------------------
[2026-02-16 01:26:47] : Begin
--------------------
*MCUTYPE* : AI8051U-34K64
*MCUID* : 78B4C9B8018119
*FILENAME* : H:\GraduationProject\STC51\Project\ws2812_driver\Objects\ws2812_driver.hex
*FILETIME* : 2026年02月16日, 01:26:45
*FILESIZE* : 17398 (0x0043F6)
*CODESIZE* : 6178 (0x001822)
*CHECKSUM* : 0x00087899
*ISPMODE* : 2
*ISPRESULT* : 0
--------------------
[2026-02-16 01:26:49] : End
--------------------------------------------------
[2026-02-16 01:43:52] : Begin
--------------------
*MCUTYPE* : AI8051U-34K64
*MCUID* : 78B4C9B8018119
*FILENAME* : H:\GraduationProject\STC51\Project\ws2812_driver\Objects\ws2812_driver.hex
*FILETIME* : 2026年02月16日, 01:43:50
*FILESIZE* : 17208 (0x004338)
*CODESIZE* : 6109 (0x0017DD)
*CHECKSUM* : 0x00084D13
*ISPMODE* : 2
*ISPRESULT* : 0
--------------------
[2026-02-16 01:43:54] : End
--------------------------------------------------
[2026-02-16 01:45:14] : Begin
--------------------
*MCUTYPE* : AI8051U-34K64
*MCUID* : 78B4C9B8018119
*FILENAME* : H:\GraduationProject\STC51\Project\ws2812_driver\Objects\ws2812_driver.hex
*FILETIME* : 2026年02月16日, 01:45:12
*FILESIZE* : 17398 (0x0043F6)
*CODESIZE* : 6178 (0x001822)
*CHECKSUM* : 0x00087899
*ISPMODE* : 2
*ISPRESULT* : 0
--------------------
[2026-02-16 01:45:16] : End
--------------------------------------------------
