[2026-01-25 02:25:40] : Begin
--------------------
*MCUTYPE* : AI8051U-34K64
*MCUID* : 78B4C9B8018119
*FILENAME* : D:\GraduationProject\STC51\Project\ws2812_driver\Objects\ws2812_driver.hex
*FILETIME* : 2026年01月25日, 02:25:16
*FILESIZE* : 15283 (0x003BB3)
*CODESIZE* : 5425 (0x001531)
*CHECKSUM* : 0x0006FAE7
*ISPMODE* : 2
*ISPRESULT* : 0
--------------------
[2026-01-25 02:25:42] : End
--------------------------------------------------
[2026-01-25 02:33:10] : Begin
--------------------
*MCUTYPE* : AI8051U-34K64
*MCUID* : 78B4C9B8018119
*FILENAME* : D:\GraduationProject\STC51\Project\ws2812_driver\Objects\ws2812_driver.hex
*FILETIME* : 2026年01月25日, 02:32:23
*FILESIZE* : 15258 (0x003B9A)
*CODESIZE* : 5419 (0x00152B)
*CHECKSUM* : 0x0007024A
*ISPMODE* : 2
*ISPRESULT* : 0
--------------------
[2026-01-25 02:33:12] : End
--------------------------------------------------
[2026-01-25 02:33:40] : Begin
--------------------
*MCUTYPE* : AI8051U-34K64
*MCUID* : 78B4C9B8018119
*FILENAME* : D:\GraduationProject\STC51\Project\ws2812_driver\Objects\ws2812_driver.hex
*FILETIME* : 2026年01月25日, 02:32:23
*FILESIZE* : 15258 (0x003B9A)
*CODESIZE* : 5419 (0x00152B)
*CHECKSUM* : 0x0007024A
*ISPMODE* : 2
*ISPRESULT* : 0
--------------------
[2026-01-25 02:33:42] : End
--------------------------------------------------
[2026-01-25 02:40:43] : Begin
--------------------
*MCUTYPE* : AI8051U-34K64
*MCUID* : 78B4C9B8018119
*FILENAME* : D:\GraduationProject\STC51\Project\ws2812_driver\Objects\ws2812_driver.hex
*FILETIME* : 2026年01月25日, 02:40:34
*FILESIZE* : 15391 (0x003C1F)
*CODESIZE* : 5466 (0x00155A)
*CHECKSUM* : 0x00072945
*ISPMODE* : 2
*ISPRESULT* : 0
--------------------
[2026-01-25 02:40:45] : End
--------------------------------------------------
[2026-01-25 02:43:53] : Begin
--------------------
*MCUTYPE* : AI8051U-34K64
*MCUID* : 78B4C9B8018119
*FILENAME* : D:\GraduationProject\STC51\Project\ws2812_driver\Objects\ws2812_driver.hex
*FILETIME* : 2026年01月25日, 02:43:33
*FILESIZE* : 18144 (0x0046E0)
*CODESIZE* : 6446 (0x00192E)
*CHECKSUM* : 0x0008CD71
*ISPMODE* : 2
*ISPRESULT* : 0
--------------------
[2026-01-25 02:43:56] : End
--------------------------------------------------
[2026-01-25 02:44:13] : Begin
--------------------
*MCUTYPE* : AI8051U-34K64
*MCUID* : 78B4C9B8018119
*FILENAME* : D:\GraduationProject\STC51\Project\ws2812_driver\Objects\ws2812_driver.hex
*FILETIME* : 2026年01月25日, 02:44:12
*FILESIZE* : 16320 (0x003FC0)
*CODESIZE* : 5794 (0x0016A2)
*CHECKSUM* : 0x000792CF
*ISPMODE* : 2
*ISPRESULT* : 0
--------------------
[2026-01-25 02:44:16] : End
--------------------------------------------------
[2026-01-25 02:44:27] : Begin
--------------------
*MCUTYPE* : AI8051U-34K64
*MCUID* : 78B4C9B8018119
*FILENAME* : D:\GraduationProject\STC51\Project\ws2812_driver\Objects\ws2812_driver.hex
*FILETIME* : 2026年01月25日, 02:44:27
*FILESIZE* : 16320 (0x003FC0)
*CODESIZE* : 5794 (0x0016A2)
*CHECKSUM* : 0x000792CF
*ISPMODE* : 2
*ISPRESULT* : 0
--------------------
[2026-01-25 02:44:30] : End
--------------------------------------------------
[2026-01-25 02:45:40] : Begin
--------------------
*MCUTYPE* : AI8051U-34K64
*MCUID* : 78B4C9B8018119
*FILENAME* : D:\GraduationProject\STC51\Project\ws2812_driver\Objects\ws2812_driver.hex
*FILETIME* : 2026年01月25日, 02:45:38
*FILESIZE* : 15463 (0x003C67)
*CODESIZE* : 5489 (0x001571)
*CHECKSUM* : 0x000736FB
*ISPMODE* : 2
*ISPRESULT* : 0
--------------------
[2026-01-25 02:45:43] : End
--------------------------------------------------
[2026-01-25 02:46:05] : Begin
--------------------
*MCUTYPE* : AI8051U-34K64
*MCUID* : 78B4C9B8018119
*FILENAME* : D:\GraduationProject\STC51\Project\ws2812_driver\Objects\ws2812_driver.hex
*FILETIME* : 2026年01月25日, 02:46:05
*FILESIZE* : 15463 (0x003C67)
*CODESIZE* : 5489 (0x001571)
*CHECKSUM* : 0x000736FB
*ISPMODE* : 2
*ISPRESULT* : 0
--------------------
[2026-01-25 02:46:08] : End
--------------------------------------------------
[2026-01-25 02:48:38] : Begin
--------------------
*MCUTYPE* : AI8051U-34K64
*MCUID* : 78B4C9B8018119
*FILENAME* : D:\GraduationProject\STC51\Project\ws2812_driver\Objects\ws2812_driver.hex
*FILETIME* : 2026年01月25日, 02:48:36
*FILESIZE* : 15463 (0x003C67)
*CODESIZE* : 5489 (0x001571)
*CHECKSUM* : 0x000736F7
*ISPMODE* : 2
*ISPRESULT* : 0
--------------------
[2026-01-25 02:48:40] : End
--------------------------------------------------
[2026-01-25 02:49:33] : Begin
--------------------
*MCUTYPE* : AI8051U-34K64
*MCUID* : 78B4C9B8018119
*FILENAME* : D:\GraduationProject\STC51\Project\ws2812_driver\Objects\ws2812_driver.hex
*FILETIME* : 2026年01月25日, 02:49:31
*FILESIZE* : 15567 (0x003CCF)
*CODESIZE* : 5528 (0x001598)
*CHECKSUM* : 0x0007591B
*ISPMODE* : 2
*ISPRESULT* : 0
--------------------
[2026-01-25 02:49:35] : End
--------------------------------------------------
[2026-01-25 02:50:25] : Begin
--------------------
*MCUTYPE* : AI8051U-34K64
*MCUID* : 78B4C9B8018119
*FILENAME* : D:\GraduationProject\STC51\Project\PWMA-DMA\AI8051U-PWMA-DMA\obj\pwm.hex
*FILETIME* : 2024年09月27日, 15:55:21
*FILESIZE* : 1838 (0x00072E)
*CODESIZE* : 652 (0x00028C)
*CHECKSUM* : 0x00010A07
*ISPMODE* : 2
*ISPRESULT* : 0
--------------------
[2026-01-25 02:50:27] : End
--------------------------------------------------
[2026-01-25 02:59:27] : Begin
--------------------
*MCUTYPE* : AI8051U-34K64
*MCUID* : 78B4C9B8018119
*FILENAME* : D:\GraduationProject\STC51\Project\ws2812_driver\Objects\ws2812_driver.hex
*FILETIME* : 2026年01月25日, 02:58:47
*FILESIZE* : 15573 (0x003CD5)
*CODESIZE* : 5531 (0x00159B)
*CHECKSUM* : 0x0007535B
*ISPMODE* : 2
*ISPRESULT* : 0
--------------------
[2026-01-25 02:59:29] : End
--------------------------------------------------
[2026-01-25 03:00:13] : Begin
--------------------
*MCUTYPE* : AI8051U-34K64
*MCUID* : 78B4C9B8018119
*FILENAME* : D:\GraduationProject\STC51\Project\ws2812_driver\Objects\ws2812_driver.hex
*FILETIME* : 2026年01月25日, 03:00:11
*FILESIZE* : 16326 (0x003FC6)
*CODESIZE* : 5797 (0x0016A5)
*CHECKSUM* : 0x00078C28
*ISPMODE* : 2
*ISPRESULT* : 0
--------------------
[2026-01-25 03:00:15] : End
--------------------------------------------------
