[2026-02-15 21:05:39] : Begin
--------------------
*MCUTYPE* : AI8051U-34K64
*MCUID* : 78B4C9B8018119
*FILENAME* : H:\GraduationProject\STC51\Project\ws2812_driver\Objects\ws2812_driver.hex
*FILETIME* : 2026年02月15日, 20:53:59
*FILESIZE* : 25097 (0x006209)
*CODESIZE* : 8915 (0x0022D3)
*CHECKSUM* : 0x000CA544
*ISPMODE* : 2
*ISPRESULT* : 0
--------------------
[2026-02-15 21:05:42] : End
--------------------------------------------------
[2026-02-15 21:06:31] : Begin
--------------------
*MCUTYPE* : AI8051U-34K64
*MCUID* : 78B4C9B8018119
*FILENAME* : H:\GraduationProject\STC51\Project\ws2812_driver\Objects\ws2812_driver.hex
*FILETIME* : 2026年02月15日, 21:06:30
*FILESIZE* : 25097 (0x006209)
*CODESIZE* : 8915 (0x0022D3)
*CHECKSUM* : 0x000CA5CB
*ISPMODE* : 2
*ISPRESULT* : 0
--------------------
[2026-02-15 21:06:34] : End
--------------------------------------------------
[2026-02-15 21:14:37] : Begin
--------------------
*MCUTYPE* : AI8051U-34K64
*MCUID* : 78B4C9B8018119
*FILENAME* : H:\GraduationProject\STC51\Project\ws2812_driver\Objects\ws2812_driver.hex
*FILETIME* : 2026年02月15日, 21:14:35
*FILESIZE* : 25097 (0x006209)
*CODESIZE* : 8915 (0x0022D3)
*CHECKSUM* : 0x000CA5C3
*ISPMODE* : 2
*ISPRESULT* : 0
--------------------
[2026-02-15 21:14:39] : End
--------------------------------------------------
[2026-02-15 21:27:53] : Begin
--------------------
*MCUTYPE* : AI8051U-34K64
*MCUID* : 78B4C9B8018119
*FILENAME* : H:\GraduationProject\STC51\Project\ws2812_driver\Objects\ws2812_driver.hex
*FILETIME* : 2026年02月15日, 21:27:52
*FILESIZE* : 25009 (0x0061B1)
*CODESIZE* : 8884 (0x0022B4)
*CHECKSUM* : 0x000CD7A4
*ISPMODE* : 2
*ISPRESULT* : 0
--------------------
[2026-02-15 21:27:55] : End
--------------------------------------------------
[2026-02-15 21:30:10] : Begin
--------------------
*MCUTYPE* : AI8051U-34K64
*MCUID* : 78B4C9B8018119
*FILENAME* : H:\GraduationProject\STC51\Project\ws2812_driver\Objects\ws2812_driver.hex
*FILETIME* : 2026年02月15日, 21:30:08
*FILESIZE* : 25009 (0x0061B1)
*CODESIZE* : 8884 (0x0022B4)
*CHECKSUM* : 0x000CD4F2
*ISPMODE* : 2
*ISPRESULT* : 0
--------------------
[2026-02-15 21:30:13] : End
--------------------------------------------------
[2026-02-15 21:30:48] : Begin
--------------------
*MCUTYPE* : AI8051U-34K64
*MCUID* : 78B4C9B8018119
*FILENAME* : H:\GraduationProject\STC51\Project\ws2812_driver\Objects\ws2812_driver.hex
*FILETIME* : 2026年02月15日, 21:30:46
*FILESIZE* : 25009 (0x0061B1)
*CODESIZE* : 8884 (0x0022B4)
*CHECKSUM* : 0x000CD4F2
*ISPMODE* : 2
*ISPRESULT* : 0
--------------------
[2026-02-15 21:30:51] : End
--------------------------------------------------
[2026-02-15 21:31:01] : Begin
--------------------
*MCUTYPE* : AI8051U-34K64
*MCUID* : 78B4C9B8018119
*FILENAME* : H:\GraduationProject\STC51\Project\ws2812_driver\Objects\ws2812_driver.hex
*FILETIME* : 2026年02月15日, 21:30:46
*FILESIZE* : 25009 (0x0061B1)
*CODESIZE* : 8884 (0x0022B4)
*CHECKSUM* : 0x000CD4F2
*ISPMODE* : 2
*ISPRESULT* : 0
--------------------
[2026-02-15 21:31:03] : End
--------------------------------------------------
[2026-02-15 21:32:35] : Begin
--------------------
*MCUTYPE* : AI8051U-34K64
*MCUID* : 78B4C9B8018119
*FILENAME* : H:\GraduationProject\STC51\Project\ws2812_driver\Objects\ws2812_driver.hex
*FILETIME* : 2026年02月15日, 21:32:33
*FILESIZE* : 25009 (0x0061B1)
*CODESIZE* : 8884 (0x0022B4)
*CHECKSUM* : 0x000CD4AD
*ISPMODE* : 2
*ISPRESULT* : 0
--------------------
[2026-02-15 21:32:37] : End
--------------------------------------------------
[2026-02-15 21:37:22] : Begin
--------------------
*MCUTYPE* : AI8051U-34K64
*MCUID* : 78B4C9B8018119
*FILENAME* : H:\GraduationProject\STC51\Project\ws2812_driver\Objects\ws2812_driver.hex
*FILETIME* : 2026年02月15日, 21:37:20
*FILESIZE* : 24964 (0x006184)
*CODESIZE* : 8868 (0x0022A4)
*CHECKSUM* : 0x000CBC5A
*ISPMODE* : 2
*ISPRESULT* : 0
--------------------
[2026-02-15 21:37:24] : End
--------------------------------------------------
[2026-02-15 21:39:06] : Begin
--------------------
*MCUTYPE* : AI8051U-34K64
*MCUID* : 78B4C9B8018119
*FILENAME* : H:\GraduationProject\STC51\Project\ws2812_driver\Objects\ws2812_driver.hex
*FILETIME* : 2026年02月15日, 21:39:05
*FILESIZE* : 24933 (0x006165)
*CODESIZE* : 8859 (0x00229B)
*CHECKSUM* : 0x000CB8B5
*ISPMODE* : 2
*ISPRESULT* : 0
--------------------
[2026-02-15 21:39:09] : End
--------------------------------------------------
[2026-02-15 21:39:26] : Begin
--------------------
*MCUTYPE* : AI8051U-34K64
*MCUID* : 78B4C9B8018119
*FILENAME* : H:\GraduationProject\STC51\Project\ws2812_driver\Objects\ws2812_driver.hex
*FILETIME* : 2026年02月15日, 21:39:25
*FILESIZE* : 24978 (0x006192)
*CODESIZE* : 8875 (0x0022AB)
*CHECKSUM* : 0x000CCAE5
*ISPMODE* : 2
*ISPRESULT* : 0
--------------------
[2026-02-15 21:39:29] : End
--------------------------------------------------
[2026-02-15 21:40:05] : Begin
--------------------
*MCUTYPE* : AI8051U-34K64
*MCUID* : 78B4C9B8018119
*FILENAME* : H:\GraduationProject\STC51\Project\ws2812_driver\Objects\ws2812_driver.hex
*FILETIME* : 2026年02月15日, 21:40:03
*FILESIZE* : 24933 (0x006165)
*CODESIZE* : 8859 (0x00229B)
*CHECKSUM* : 0x000CB8B5
*ISPMODE* : 2
*ISPRESULT* : 0
--------------------
[2026-02-15 21:40:08] : End
--------------------------------------------------
[2026-02-15 21:40:20] : Begin
--------------------
*MCUTYPE* : AI8051U-34K64
*MCUID* : 78B4C9B8018119
*FILENAME* : H:\GraduationProject\STC51\Project\ws2812_driver\Objects\ws2812_driver.hex
*FILETIME* : 2026年02月15日, 21:40:18
*FILESIZE* : 24933 (0x006165)
*CODESIZE* : 8859 (0x00229B)
*CHECKSUM* : 0x000CB8B5
*ISPMODE* : 2
*ISPRESULT* : 0
--------------------
[2026-02-15 21:40:22] : End
--------------------------------------------------
[2026-02-15 21:41:45] : Begin
--------------------
*MCUTYPE* : AI8051U-34K64
*MCUID* : 78B4C9B8018119
*FILENAME* : H:\GraduationProject\STC51\Project\ws2812_driver\Objects\ws2812_driver.hex
*FILETIME* : 2026年02月15日, 21:41:42
*FILESIZE* : 25068 (0x0061EC)
*CODESIZE* : 8907 (0x0022CB)
*CHECKSUM* : 0x000CA0E7
*ISPMODE* : 2
*ISPRESULT* : 0
--------------------
[2026-02-15 21:41:47] : End
--------------------------------------------------
[2026-02-15 21:42:30] : Begin
--------------------
*MCUTYPE* : AI8051U-34K64
*MCUID* : 78B4C9B8018119
*FILENAME* : H:\GraduationProject\STC51\Project\ws2812_driver\Objects\ws2812_driver.hex
*FILETIME* : 2026年02月15日, 21:42:28
*FILESIZE* : 25031 (0x0061C7)
*CODESIZE* : 8895 (0x0022BF)
*CHECKSUM* : 0x000CCCD4
*ISPMODE* : 2
*ISPRESULT* : 0
--------------------
[2026-02-15 21:42:33] : End
--------------------------------------------------
[2026-02-15 21:45:37] : Begin
--------------------
*MCUTYPE* : AI8051U-34K64
*MCUID* : 78B4C9B8018119
*FILENAME* : H:\GraduationProject\STC51\Project\ws2812_driver\Objects\ws2812_driver.hex
*FILETIME* : 2026年02月15日, 21:45:35
*FILESIZE* : 25076 (0x0061F4)
*CODESIZE* : 8911 (0x0022CF)
*CHECKSUM* : 0x000CAA57
*ISPMODE* : 2
*ISPRESULT* : 0
--------------------
[2026-02-15 21:45:39] : End
--------------------------------------------------
[2026-02-15 21:55:00] : Begin
--------------------
*MCUTYPE* : AI8051U-34K64
*MCUID* : 78B4C9B8018119
*FILENAME* : H:\GraduationProject\STC51\Project\ws2812_driver\Objects\ws2812_driver.hex
*FILETIME* : 2026年02月15日, 21:54:58
*FILESIZE* : 25076 (0x0061F4)
*CODESIZE* : 8911 (0x0022CF)
*CHECKSUM* : 0x000CA9EB
*ISPMODE* : 2
*ISPRESULT* : 0
--------------------
[2026-02-15 21:55:03] : End
--------------------------------------------------
[2026-02-15 21:55:53] : Begin
--------------------
*MCUTYPE* : AI8051U-34K64
*MCUID* : 78B4C9B8018119
*FILENAME* : H:\GraduationProject\STC51\Project\ws2812_driver\Objects\ws2812_driver.hex
*FILETIME* : 2026年02月15日, 21:55:51
*FILESIZE* : 25076 (0x0061F4)
*CODESIZE* : 8911 (0x0022CF)
*CHECKSUM* : 0x000CA9EB
*ISPMODE* : 2
*ISPRESULT* : 0
--------------------
[2026-02-15 21:55:55] : End
--------------------------------------------------
[2026-02-15 21:57:02] : Begin
--------------------
*MCUTYPE* : AI8051U-34K64
*MCUID* : 78B4C9B8018119
*FILENAME* : H:\GraduationProject\STC51\Project\ws2812_driver\Objects\ws2812_driver.hex
*FILETIME* : 2026年02月15日, 21:57:01
*FILESIZE* : 25076 (0x0061F4)
*CODESIZE* : 8911 (0x0022CF)
*CHECKSUM* : 0x000CAB11
*ISPMODE* : 2
*ISPRESULT* : 0
--------------------
[2026-02-15 21:57:05] : End
--------------------------------------------------
[2026-02-15 22:01:58] : Begin
--------------------
*MCUTYPE* : AI8051U-34K64
*MCUID* : 78B4C9B8018119
*FILENAME* : H:\GraduationProject\STC51\Project\ws2812_driver\Objects\ws2812_driver.hex
*FILETIME* : 2026年02月15日, 22:01:56
*FILESIZE* : 24927 (0x00615F)
*CODESIZE* : 8856 (0x002298)
*CHECKSUM* : 0x000CB1EB
*ISPMODE* : 2
*ISPRESULT* : 0
--------------------
[2026-02-15 22:02:01] : End
--------------------------------------------------
[2026-02-15 22:03:02] : Begin
--------------------
*MCUTYPE* : AI8051U-34K64
*MCUID* : 78B4C9B8018119
*FILENAME* : H:\GraduationProject\STC51\Project\ws2812_driver\Objects\ws2812_driver.hex
*FILETIME* : 2026年02月15日, 22:03:01
*FILESIZE* : 24927 (0x00615F)
*CODESIZE* : 8856 (0x002298)
*CHECKSUM* : 0x000CB1E9
*ISPMODE* : 2
*ISPRESULT* : 0
--------------------
[2026-02-15 22:03:05] : End
--------------------------------------------------
[2026-02-15 22:03:10] : Begin
--------------------
*MCUTYPE* : AI8051U-34K64
*MCUID* : 78B4C9B8018119
*FILENAME* : H:\GraduationProject\STC51\Project\ws2812_driver\Objects\ws2812_driver.hex
*FILETIME* : 2026年02月15日, 22:03:08
*FILESIZE* : 24927 (0x00615F)
*CODESIZE* : 8856 (0x002298)
*CHECKSUM* : 0x000CB1EA
*ISPMODE* : 2
*ISPRESULT* : 0
--------------------
[2026-02-15 22:03:12] : End
--------------------------------------------------
[2026-02-15 22:04:09] : Begin
--------------------
*MCUTYPE* : AI8051U-34K64
*MCUID* : 78B4C9B8018119
*FILENAME* : H:\GraduationProject\STC51\Project\ws2812_driver\Objects\ws2812_driver.hex
*FILETIME* : 2026年02月15日, 22:04:07
*FILESIZE* : 24927 (0x00615F)
*CODESIZE* : 8856 (0x002298)
*CHECKSUM* : 0x000CB1E8
*ISPMODE* : 2
*ISPRESULT* : 0
--------------------
[2026-02-15 22:04:11] : End
--------------------------------------------------
[2026-02-15 22:04:41] : Begin
--------------------
*MCUTYPE* : AI8051U-34K64
*MCUID* : 78B4C9B8018119
*FILENAME* : H:\GraduationProject\STC51\Project\ws2812_driver\Objects\ws2812_driver.hex
*FILETIME* : 2026年02月15日, 22:04:39
*FILESIZE* : 24923 (0x00615B)
*CODESIZE* : 8854 (0x002296)
*CHECKSUM* : 0x000CAF10
*ISPMODE* : 2
*ISPRESULT* : 0
--------------------
[2026-02-15 22:04:43] : End
--------------------------------------------------
[2026-02-15 22:05:09] : Begin
--------------------
*MCUTYPE* : AI8051U-34K64
*MCUID* : 78B4C9B8018119
*FILENAME* : H:\GraduationProject\STC51\Project\ws2812_driver\Objects\ws2812_driver.hex
*FILETIME* : 2026年02月15日, 22:05:07
*FILESIZE* : 24927 (0x00615F)
*CODESIZE* : 8856 (0x002298)
*CHECKSUM* : 0x000CB1E8
*ISPMODE* : 2
*ISPRESULT* : 0
--------------------
[2026-02-15 22:05:12] : End
--------------------------------------------------
[2026-02-15 22:07:50] : Begin
--------------------
*MCUTYPE* : AI8051U-34K64
*MCUID* : 78B4C9B8018119
*FILENAME* : H:\GraduationProject\STC51\Project\ws2812_driver\Objects\ws2812_driver.hex
*FILETIME* : 2026年02月15日, 22:07:48
*FILESIZE* : 24927 (0x00615F)
*CODESIZE* : 8856 (0x002298)
*CHECKSUM* : 0x000CB1E8
*ISPMODE* : 2
*ISPRESULT* : 0
--------------------
[2026-02-15 22:07:53] : End
--------------------------------------------------
[2026-02-15 22:09:02] : Begin
--------------------
*MCUTYPE* : AI8051U-34K64
*MCUID* : 78B4C9B8018119
*FILENAME* : H:\GraduationProject\STC51\Project\ws2812_driver\Objects\ws2812_driver.hex
*FILETIME* : 2026年02月15日, 22:09:00
*FILESIZE* : 24927 (0x00615F)
*CODESIZE* : 8856 (0x002298)
*CHECKSUM* : 0x000CB1EB
*ISPMODE* : 2
*ISPRESULT* : 0
--------------------
[2026-02-15 22:09:05] : End
--------------------------------------------------
[2026-02-15 22:45:55] : Begin
--------------------
*MCUTYPE* : AI8051U-34K64
*MCUID* : 78B4C9B8018119
*FILENAME* : H:\GraduationProject\STC51\Project\ws2812_driver\Objects\ws2812_driver.hex
*FILETIME* : 2026年02月15日, 22:45:54
*FILESIZE* : 25246 (0x00629E)
*CODESIZE* : 8970 (0x00230A)
*CHECKSUM* : 0x000CA482
*ISPMODE* : 2
*ISPRESULT* : 0
--------------------
[2026-02-15 22:45:58] : End
--------------------------------------------------
[2026-02-15 22:56:28] : Begin
--------------------
*MCUTYPE* : AI8051U-34K64
*MCUID* : 78B4C9B8018119
*FILENAME* : H:\GraduationProject\STC51\Project\ws2812_driver\Objects\ws2812_driver.hex
*FILETIME* : 2026年02月15日, 22:56:13
*FILESIZE* : 25273 (0x0062B9)
*CODESIZE* : 8977 (0x002311)
*CHECKSUM* : 0x000CA7A5
*ISPMODE* : 2
*ISPRESULT* : 0
--------------------
[2026-02-15 22:56:31] : End
--------------------------------------------------
[2026-02-15 22:57:43] : Begin
--------------------
*MCUTYPE* : AI8051U-34K64
*MCUID* : 78B4C9B8018119
*FILENAME* : H:\GraduationProject\STC51\Project\ws2812_driver\Objects\ws2812_driver.hex
*FILETIME* : 2026年02月15日, 22:57:42
*FILESIZE* : 25273 (0x0062B9)
*CODESIZE* : 8977 (0x002311)
*CHECKSUM* : 0x000CA799
*ISPMODE* : 2
*ISPRESULT* : 0
--------------------
[2026-02-15 22:57:46] : End
--------------------------------------------------
[2026-02-15 23:00:06] : Begin
--------------------
*MCUTYPE* : AI8051U-34K64
*MCUID* : 78B4C9B8018119
*FILENAME* : H:\GraduationProject\STC51\Project\ws2812_driver\Objects\ws2812_driver.hex
*FILETIME* : 2026年02月15日, 23:00:02
*FILESIZE* : 25273 (0x0062B9)
*CODESIZE* : 8977 (0x002311)
*CHECKSUM* : 0x000CA82A
*ISPMODE* : 2
*ISPRESULT* : 0
--------------------
[2026-02-15 23:00:08] : End
--------------------------------------------------
[2026-02-15 23:02:57] : Begin
--------------------
*MCUTYPE* : AI8051U-34K64
*MCUID* : 78B4C9B8018119
*FILENAME* : H:\GraduationProject\STC51\Project\ws2812_driver\Objects\ws2812_driver.hex
*FILETIME* : 2026年02月15日, 23:02:56
*FILESIZE* : 25248 (0x0062A0)
*CODESIZE* : 8971 (0x00230B)
*CHECKSUM* : 0x000CA247
*ISPMODE* : 2
*ISPRESULT* : 0
--------------------
[2026-02-15 23:03:00] : End
--------------------------------------------------
[2026-02-15 23:04:51] : Begin
--------------------
*MCUTYPE* : AI8051U-34K64
*MCUID* : 78B4C9B8018119
*FILENAME* : H:\GraduationProject\STC51\Project\ws2812_driver\Objects\ws2812_driver.hex
*FILETIME* : 2026年02月15日, 23:04:49
*FILESIZE* : 25017 (0x0061B9)
*CODESIZE* : 8888 (0x0022B8)
*CHECKSUM* : 0x000CCAD0
*ISPMODE* : 2
*ISPRESULT* : 0
--------------------
[2026-02-15 23:04:54] : End
--------------------------------------------------
[2026-02-15 23:05:48] : Begin
--------------------
*MCUTYPE* : AI8051U-34K64
*MCUID* : 78B4C9B8018119
*FILENAME* : H:\GraduationProject\STC51\Project\ws2812_driver\Objects\ws2812_driver.hex
*FILETIME* : 2026年02月15日, 23:05:45
*FILESIZE* : 25025 (0x0061C1)
*CODESIZE* : 8892 (0x0022BC)
*CHECKSUM* : 0x000CD193
*ISPMODE* : 2
*ISPRESULT* : 0
--------------------
[2026-02-15 23:05:51] : End
--------------------------------------------------
[2026-02-15 23:06:23] : Begin
--------------------
*MCUTYPE* : AI8051U-34K64
*MCUID* : 78B4C9B8018119
*FILENAME* : H:\GraduationProject\STC51\Project\ws2812_driver\Objects\ws2812_driver.hex
*FILETIME* : 2026年02月15日, 23:06:22
*FILESIZE* : 25029 (0x0061C5)
*CODESIZE* : 8894 (0x0022BE)
*CHECKSUM* : 0x000CD408
*ISPMODE* : 2
*ISPRESULT* : 0
--------------------
[2026-02-15 23:06:26] : End
--------------------------------------------------
[2026-02-15 23:06:56] : Begin
--------------------
*MCUTYPE* : AI8051U-34K64
*MCUID* : 78B4C9B8018119
*FILENAME* : H:\GraduationProject\STC51\Project\ws2812_driver\Objects\ws2812_driver.hex
*FILETIME* : 2026年02月15日, 23:06:55
*FILESIZE* : 25029 (0x0061C5)
*CODESIZE* : 8894 (0x0022BE)
*CHECKSUM* : 0x000CD405
*ISPMODE* : 2
*ISPRESULT* : 0
--------------------
[2026-02-15 23:06:59] : End
--------------------------------------------------
[2026-02-15 23:07:41] : Begin
--------------------
*MCUTYPE* : AI8051U-34K64
*MCUID* : 78B4C9B8018119
*FILENAME* : H:\GraduationProject\STC51\Project\ws2812_driver\Objects\ws2812_driver.hex
*FILETIME* : 2026年02月15日, 23:07:40
*FILESIZE* : 25048 (0x0061D8)
*CODESIZE* : 8897 (0x0022C1)
*CHECKSUM* : 0x000CD5D5
*ISPMODE* : 2
*ISPRESULT* : 0
--------------------
[2026-02-15 23:07:44] : End
--------------------------------------------------
[2026-02-15 23:08:07] : Begin
--------------------
*MCUTYPE* : AI8051U-34K64
*MCUID* : 78B4C9B8018119
*FILENAME* : H:\GraduationProject\STC51\Project\ws2812_driver\Objects\ws2812_driver.hex
*FILETIME* : 2026年02月15日, 23:08:06
*FILESIZE* : 25048 (0x0061D8)
*CODESIZE* : 8897 (0x0022C1)
*CHECKSUM* : 0x000CD4E2
*ISPMODE* : 2
*ISPRESULT* : 0
--------------------
[2026-02-15 23:08:10] : End
--------------------------------------------------
[2026-02-15 23:11:05] : Begin
--------------------
*MCUTYPE* : AI8051U-34K64
*MCUID* : 78B4C9B8018119
*FILENAME* : H:\GraduationProject\STC51\Project\ws2812_driver\Objects\ws2812_driver.hex
*FILETIME* : 2026年02月15日, 23:11:03
*FILESIZE* : 25023 (0x0061BF)
*CODESIZE* : 8891 (0x0022BB)
*CHECKSUM* : 0x000CCF5F
*ISPMODE* : 2
*ISPRESULT* : 0
--------------------
[2026-02-15 23:11:08] : End
--------------------------------------------------
[2026-02-15 23:12:25] : Begin
--------------------
*MCUTYPE* : AI8051U-34K64
*MCUID* : 78B4C9B8018119
*FILENAME* : H:\GraduationProject\STC51\Project\ws2812_driver\Objects\ws2812_driver.hex
*FILETIME* : 2026年02月15日, 23:12:23
*FILESIZE* : 16019 (0x003E93)
*CODESIZE* : 5689 (0x001639)
*CHECKSUM* : 0x00077815
*ISPMODE* : 2
*ISPRESULT* : 0
--------------------
[2026-02-15 23:12:28] : End
--------------------------------------------------
[2026-02-15 23:14:44] : Begin
--------------------
*MCUTYPE* : AI8051U-34K64
*MCUID* : 78B4C9B8018119
*FILENAME* : H:\GraduationProject\STC51\Project\ws2812_driver\Objects\ws2812_driver.hex
*FILETIME* : 2026年02月15日, 23:14:40
*FILESIZE* : 16031 (0x003E9F)
*CODESIZE* : 5695 (0x00163F)
*CHECKSUM* : 0x00077D6E
*ISPMODE* : 2
*ISPRESULT* : 0
--------------------
[2026-02-15 23:14:46] : End
--------------------------------------------------
[2026-02-15 23:59:38] : Begin
--------------------
*MCUTYPE* : AI8051U-34K64
*MCUID* : 78B4C9B8018119
*FILENAME* : H:\STC\test\test1\Objects\test1.hex
*FILETIME* : 2026年02月15日, 23:58:28
*FILESIZE* : 15567 (0x003CCF)
*CODESIZE* : 5528 (0x001598)
*CHECKSUM* : 0x00076F6A
*ISPMODE* : 2
*ISPRESULT* : 0
--------------------
[2026-02-15 23:59:40] : End
--------------------------------------------------
